-------------------------------------------------------------------------------
Test set: tacos.HomeControllerTest
-------------------------------------------------------------------------------
Tests run: 1, Failures: 0, Errors: 1, Skipped: 0, Time elapsed: 0.964 s <<< FAILURE! - in tacos.HomeControllerTest
testHomePage  Time elapsed: 0 s  <<< ERROR!
java.lang.IllegalStateException: Failed to load ApplicationContext
Caused by: org.springframework.beans.factory.UnsatisfiedDependencyException: Error creating bean with name 'ingredientByIdConverter' defined in file [/Users/aselaillayapparachchi/IdeaProjects/learn-spring-in-action/taco-cloud-data-rest-jpa/target/classes/tacos/IngredientByIdConverter.class]: Unsatisfied dependency expressed through constructor parameter 0; nested exception is org.springframework.beans.factory.NoSuchBeanDefinitionException: No qualifying bean of type 'tacos.data.jdbc.IngredientDataRepository' available: expected at least 1 bean which qualifies as autowire candidate. Dependency annotations: {}
Caused by: org.springframework.beans.factory.NoSuchBeanDefinitionException: No qualifying bean of type 'tacos.data.jdbc.IngredientDataRepository' available: expected at least 1 bean which qualifies as autowire candidate. Dependency annotations: {}

