<?xml version="1.0" encoding="UTF-8"?>
<testsuite xmlns:xsi="http://www.w3.org/2001/XMLSchema-instance" xsi:noNamespaceSchemaLocation="https://maven.apache.org/surefire/maven-surefire-plugin/xsd/surefire-test-report.xsd" name="tacos.HomeControllerTest" time="0.964" tests="1" errors="1" skipped="0" failures="0">
  <properties>
[...]
</properties>
  <testcase name="testHomePage" classname="tacos.HomeControllerTest" time="0">
    <error message="Failed to load ApplicationContext" type="java.lang.IllegalStateException">java.lang.IllegalStateException: Failed to load ApplicationContext
Caused by: org.springframework.beans.factory.UnsatisfiedDependencyException: Error creating bean with name 'ingredientByIdConverter' defined in file [/Users/aselaillayapparachchi/IdeaProjects/learn-spring-in-action/taco-cloud-data-rest-jpa/target/classes/tacos/IngredientByIdConverter.class]: Unsatisfied dependency expressed through constructor parameter 0; nested exception is org.springframework.beans.factory.NoSuchBeanDefinitionException: No qualifying bean of type 'tacos.data.jdbc.IngredientDataRepository' available: expected at least 1 bean which qualifies as autowire candidate. Dependency annotations: {}
Caused by: org.springframework.beans.factory.NoSuchBeanDefinitionException: No qualifying bean of type 'tacos.data.jdbc.IngredientDataRepository' available: expected at least 1 bean which qualifies as autowire candidate. Dependency annotations: {}
</error>
    <system-out><![CDATA[2024-01-13 22:39:12.287 DEBUG 58992 --- [           main] o.s.test.context.BootstrapUtils          : Instantiating CacheAwareContextLoaderDelegate from class [org.springframework.test.context.cache.DefaultCacheAwareContextLoaderDelegate]
2024-01-13 22:39:12.287 DEBUG 58992 --- [           main] o.s.test.context.BootstrapUtils          : Instantiating BootstrapContext using constructor [public org.springframework.test.context.support.DefaultBootstrapContext(java.lang.Class,org.springframework.test.context.CacheAwareContextLoaderDelegate)]
2024-01-13 22:39:12.287 DEBUG 58992 --- [           main] o.s.test.context.BootstrapUtils          : Instantiating TestContextBootstrapper for test class [tacos.HomeControllerTest] from class [org.springframework.boot.test.autoconfigure.web.servlet.WebMvcTestContextBootstrapper]
2024-01-13 22:39:12.288 TRACE 58992 --- [           main] .b.t.a.w.s.WebMvcTestContextBootstrapper : Resolving ContextLoader for context configuration attributes [ContextConfigurationAttributes@50177966 declaringClass = 'tacos.HomeControllerTest', classes = '{}', locations = '{}', inheritLocations = false, initializers = '{}', inheritInitializers = true, name = [null], contextLoaderClass = 'org.springframework.test.context.ContextLoader']
2024-01-13 22:39:12.288 TRACE 58992 --- [           main] .b.t.a.w.s.WebMvcTestContextBootstrapper : Using ContextLoader class [org.springframework.boot.test.context.SpringBootContextLoader] for test class [tacos.HomeControllerTest]
2024-01-13 22:39:12.288  INFO 58992 --- [           main] .b.t.a.w.s.WebMvcTestContextBootstrapper : Neither @ContextConfiguration nor @ContextHierarchy found for test class [tacos.HomeControllerTest], using SpringBootContextLoader
2024-01-13 22:39:12.288 TRACE 58992 --- [           main] .b.t.a.w.s.WebMvcTestContextBootstrapper : Resolving ContextLoader for context configuration attributes [ContextConfigurationAttributes@50177966 declaringClass = 'tacos.HomeControllerTest', classes = '{}', locations = '{}', inheritLocations = false, initializers = '{}', inheritInitializers = true, name = [null], contextLoaderClass = 'org.springframework.test.context.ContextLoader']
2024-01-13 22:39:12.288 TRACE 58992 --- [           main] .b.t.a.w.s.WebMvcTestContextBootstrapper : Using ContextLoader class [org.springframework.boot.test.context.SpringBootContextLoader] for test class [tacos.HomeControllerTest]
2024-01-13 22:39:12.288 TRACE 58992 --- [           main] .b.t.a.w.s.WebMvcTestContextBootstrapper : Processing locations and classes for context configuration attributes [ContextConfigurationAttributes@50177966 declaringClass = 'tacos.HomeControllerTest', classes = '{}', locations = '{}', inheritLocations = false, initializers = '{}', inheritInitializers = true, name = [null], contextLoaderClass = 'org.springframework.test.context.ContextLoader']
2024-01-13 22:39:12.288 DEBUG 58992 --- [           main] o.s.t.c.support.AbstractContextLoader    : Did not detect default resource location for test class [tacos.HomeControllerTest]: class path resource [tacos/HomeControllerTest-context.xml] does not exist
2024-01-13 22:39:12.288 DEBUG 58992 --- [           main] o.s.t.c.support.AbstractContextLoader    : Did not detect default resource location for test class [tacos.HomeControllerTest]: class path resource [tacos/HomeControllerTestContext.groovy] does not exist
2024-01-13 22:39:12.288  INFO 58992 --- [           main] o.s.t.c.support.AbstractContextLoader    : Could not detect default resource locations for test class [tacos.HomeControllerTest]: no resource found for suffixes {-context.xml, Context.groovy}.
2024-01-13 22:39:12.288  INFO 58992 --- [           main] t.c.s.AnnotationConfigContextLoaderUtils : Could not detect default configuration classes for test class [tacos.HomeControllerTest]: HomeControllerTest does not declare any static, non-private, non-final, nested classes annotated with @Configuration.
2024-01-13 22:39:12.288 TRACE 58992 --- [           main] o.s.c.io.support.SpringFactoriesLoader   : Loaded [org.springframework.test.context.ContextCustomizerFactory] names: [org.springframework.boot.test.context.ImportsContextCustomizerFactory, org.springframework.boot.test.context.filter.ExcludeFilterContextCustomizerFactory, org.springframework.boot.test.json.DuplicateJsonObjectContextCustomizerFactory, org.springframework.boot.test.mock.mockito.MockitoContextCustomizerFactory, org.springframework.boot.test.web.client.TestRestTemplateContextCustomizerFactory, org.springframework.boot.test.web.reactive.server.WebTestClientContextCustomizerFactory, org.springframework.boot.test.autoconfigure.OverrideAutoConfigurationContextCustomizerFactory, org.springframework.boot.test.autoconfigure.actuate.metrics.MetricsExportContextCustomizerFactory, org.springframework.boot.test.autoconfigure.filter.TypeExcludeFiltersContextCustomizerFactory, org.springframework.boot.test.autoconfigure.properties.PropertyMappingContextCustomizerFactory, org.springframework.boot.test.autoconfigure.web.servlet.WebDriverContextCustomizerFactory, org.springframework.test.context.web.socket.MockServerContainerContextCustomizerFactory, org.springframework.test.context.support.DynamicPropertiesContextCustomizerFactory]
2024-01-13 22:39:12.294 TRACE 58992 --- [           main] t.c.s.ApplicationContextInitializerUtils : Processing context initializers for configuration attributes [ContextConfigurationAttributes@50177966 declaringClass = 'tacos.HomeControllerTest', classes = '{}', locations = '{}', inheritLocations = false, initializers = '{}', inheritInitializers = true, name = [null], contextLoaderClass = 'org.springframework.test.context.ContextLoader']
2024-01-13 22:39:12.294 DEBUG 58992 --- [           main] o.s.t.c.support.ActiveProfilesUtils      : Could not find an 'annotation declaring class' for annotation type [org.springframework.test.context.ActiveProfiles] and class [tacos.HomeControllerTest]
2024-01-13 22:39:12.295  INFO 58992 --- [           main] .b.t.c.SpringBootTestContextBootstrapper : Found @SpringBootConfiguration tacos.TacoCloudApplicationJpa for test class tacos.HomeControllerTest
2024-01-13 22:39:12.295 DEBUG 58992 --- [           main] .b.t.a.w.s.WebMvcTestContextBootstrapper : @TestExecutionListeners is not present for class [tacos.HomeControllerTest]: using defaults.
2024-01-13 22:39:12.295  INFO 58992 --- [           main] .b.t.a.w.s.WebMvcTestContextBootstrapper : Loaded default TestExecutionListener class names from location [META-INF/spring.factories]: [org.springframework.boot.test.mock.mockito.MockitoTestExecutionListener, org.springframework.boot.test.mock.mockito.ResetMocksTestExecutionListener, org.springframework.boot.test.autoconfigure.restdocs.RestDocsTestExecutionListener, org.springframework.boot.test.autoconfigure.web.client.MockRestServiceServerResetTestExecutionListener, org.springframework.boot.test.autoconfigure.web.servlet.MockMvcPrintOnlyOnFailureTestExecutionListener, org.springframework.boot.test.autoconfigure.web.servlet.WebDriverTestExecutionListener, org.springframework.boot.test.autoconfigure.webservices.client.MockWebServiceServerTestExecutionListener, org.springframework.test.context.web.ServletTestExecutionListener, org.springframework.test.context.support.DirtiesContextBeforeModesTestExecutionListener, org.springframework.test.context.event.ApplicationEventsTestExecutionListener, org.springframework.test.context.support.DependencyInjectionTestExecutionListener, org.springframework.test.context.support.DirtiesContextTestExecutionListener, org.springframework.test.context.transaction.TransactionalTestExecutionListener, org.springframework.test.context.jdbc.SqlScriptsTestExecutionListener, org.springframework.test.context.event.EventPublishingTestExecutionListener]
2024-01-13 22:39:12.295 TRACE 58992 --- [           main] o.s.c.io.support.SpringFactoriesLoader   : Loaded [org.springframework.boot.test.context.DefaultTestExecutionListenersPostProcessor] names: [org.springframework.boot.test.autoconfigure.SpringBootDependencyInjectionTestExecutionListener$PostProcessor]
2024-01-13 22:39:12.295  INFO 58992 --- [           main] .b.t.a.w.s.WebMvcTestContextBootstrapper : Using TestExecutionListeners: [org.springframework.test.context.web.ServletTestExecutionListener@28c38eeb, org.springframework.test.context.support.DirtiesContextBeforeModesTestExecutionListener@4ce9985f, org.springframework.test.context.event.ApplicationEventsTestExecutionListener@4283f29b, org.springframework.boot.test.mock.mockito.MockitoTestExecutionListener@56d4481f, org.springframework.boot.test.autoconfigure.SpringBootDependencyInjectionTestExecutionListener@625430f8, org.springframework.test.context.support.DirtiesContextTestExecutionListener@627f678d, org.springframework.test.context.transaction.TransactionalTestExecutionListener@3fb54673, org.springframework.test.context.jdbc.SqlScriptsTestExecutionListener@4b55652a, org.springframework.test.context.event.EventPublishingTestExecutionListener@8c54f48, org.springframework.boot.test.mock.mockito.ResetMocksTestExecutionListener@119f02d2, org.springframework.boot.test.autoconfigure.restdocs.RestDocsTestExecutionListener@48c584c, org.springframework.boot.test.autoconfigure.web.client.MockRestServiceServerResetTestExecutionListener@641001c2, org.springframework.boot.test.autoconfigure.web.servlet.MockMvcPrintOnlyOnFailureTestExecutionListener@468dbd07, org.springframework.boot.test.autoconfigure.web.servlet.WebDriverTestExecutionListener@2fedae96, org.springframework.boot.test.autoconfigure.webservices.client.MockWebServiceServerTestExecutionListener@4945cd1f]
2024-01-13 22:39:12.295 TRACE 58992 --- [           main] o.s.test.context.TestContextManager      : Registering TestExecutionListener: org.springframework.test.context.web.ServletTestExecutionListener@28c38eeb
2024-01-13 22:39:12.295 TRACE 58992 --- [           main] o.s.test.context.TestContextManager      : Registering TestExecutionListener: org.springframework.test.context.support.DirtiesContextBeforeModesTestExecutionListener@4ce9985f
2024-01-13 22:39:12.295 TRACE 58992 --- [           main] o.s.test.context.TestContextManager      : Registering TestExecutionListener: org.springframework.test.context.event.ApplicationEventsTestExecutionListener@4283f29b
2024-01-13 22:39:12.295 TRACE 58992 --- [           main] o.s.test.context.TestContextManager      : Registering TestExecutionListener: org.springframework.boot.test.mock.mockito.MockitoTestExecutionListener@56d4481f
2024-01-13 22:39:12.295 TRACE 58992 --- [           main] o.s.test.context.TestContextManager      : Registering TestExecutionListener: org.springframework.boot.test.autoconfigure.SpringBootDependencyInjectionTestExecutionListener@625430f8
2024-01-13 22:39:12.295 TRACE 58992 --- [           main] o.s.test.context.TestContextManager      : Registering TestExecutionListener: org.springframework.test.context.support.DirtiesContextTestExecutionListener@627f678d
2024-01-13 22:39:12.295 TRACE 58992 --- [           main] o.s.test.context.TestContextManager      : Registering TestExecutionListener: org.springframework.test.context.transaction.TransactionalTestExecutionListener@3fb54673
2024-01-13 22:39:12.295 TRACE 58992 --- [           main] o.s.test.context.TestContextManager      : Registering TestExecutionListener: org.springframework.test.context.jdbc.SqlScriptsTestExecutionListener@4b55652a
2024-01-13 22:39:12.295 TRACE 58992 --- [           main] o.s.test.context.TestContextManager      : Registering TestExecutionListener: org.springframework.test.context.event.EventPublishingTestExecutionListener@8c54f48
2024-01-13 22:39:12.295 TRACE 58992 --- [           main] o.s.test.context.TestContextManager      : Registering TestExecutionListener: org.springframework.boot.test.mock.mockito.ResetMocksTestExecutionListener@119f02d2
2024-01-13 22:39:12.295 TRACE 58992 --- [           main] o.s.test.context.TestContextManager      : Registering TestExecutionListener: org.springframework.boot.test.autoconfigure.restdocs.RestDocsTestExecutionListener@48c584c
2024-01-13 22:39:12.295 TRACE 58992 --- [           main] o.s.test.context.TestContextManager      : Registering TestExecutionListener: org.springframework.boot.test.autoconfigure.web.client.MockRestServiceServerResetTestExecutionListener@641001c2
2024-01-13 22:39:12.295 TRACE 58992 --- [           main] o.s.test.context.TestContextManager      : Registering TestExecutionListener: org.springframework.boot.test.autoconfigure.web.servlet.MockMvcPrintOnlyOnFailureTestExecutionListener@468dbd07
2024-01-13 22:39:12.295 TRACE 58992 --- [           main] o.s.test.context.TestContextManager      : Registering TestExecutionListener: org.springframework.boot.test.autoconfigure.web.servlet.WebDriverTestExecutionListener@2fedae96
2024-01-13 22:39:12.295 TRACE 58992 --- [           main] o.s.test.context.TestContextManager      : Registering TestExecutionListener: org.springframework.boot.test.autoconfigure.webservices.client.MockWebServiceServerTestExecutionListener@4945cd1f
2024-01-13 22:39:12.295 TRACE 58992 --- [           main] o.s.test.context.TestContextManager      : beforeTestClass(): class [tacos.HomeControllerTest]
2024-01-13 22:39:12.295 DEBUG 58992 --- [           main] tractDirtiesContextTestExecutionListener : Before test class: context [DefaultTestContext@2dbfcbe4 testClass = HomeControllerTest, testInstance = [null], testMethod = [null], testException = [null], mergedContextConfiguration = [WebMergedContextConfiguration@6f13ed1 testClass = HomeControllerTest, locations = '{}', classes = '{class tacos.TacoCloudApplicationJpa}', contextInitializerClasses = '[]', activeProfiles = '{}', propertySourceLocations = '{}', propertySourceProperties = '{org.springframework.boot.test.autoconfigure.web.servlet.WebMvcTestContextBootstrapper=true}', contextCustomizers = set[[ImportsContextCustomizer@44aaa987 key = [org.springframework.boot.autoconfigure.cache.CacheAutoConfiguration, org.springframework.boot.autoconfigure.context.MessageSourceAutoConfiguration, org.springframework.boot.autoconfigure.data.web.SpringDataWebAutoConfiguration, org.springframework.boot.autoconfigure.freemarker.FreeMarkerAutoConfiguration, org.springframework.boot.autoconfigure.groovy.template.GroovyTemplateAutoConfiguration, org.springframework.boot.autoconfigure.gson.GsonAutoConfiguration, org.springframework.boot.autoconfigure.hateoas.HypermediaAutoConfiguration, org.springframework.boot.autoconfigure.http.HttpMessageConvertersAutoConfiguration, org.springframework.boot.autoconfigure.jackson.JacksonAutoConfiguration, org.springframework.boot.autoconfigure.jsonb.JsonbAutoConfiguration, org.springframework.boot.autoconfigure.mustache.MustacheAutoConfiguration, org.springframework.boot.autoconfigure.task.TaskExecutionAutoConfiguration, org.springframework.boot.autoconfigure.thymeleaf.ThymeleafAutoConfiguration, org.springframework.boot.autoconfigure.validation.ValidationAutoConfiguration, org.springframework.boot.autoconfigure.web.servlet.error.ErrorMvcAutoConfiguration, org.springframework.boot.autoconfigure.web.servlet.HttpEncodingAutoConfiguration, org.springframework.boot.autoconfigure.web.servlet.WebMvcAutoConfiguration, org.springframework.boot.test.autoconfigure.web.servlet.MockMvcAutoConfiguration, org.springframework.boot.test.autoconfigure.web.servlet.MockMvcWebClientAutoConfiguration, org.springframework.boot.test.autoconfigure.web.servlet.MockMvcWebDriverAutoConfiguration, org.springframework.boot.autoconfigure.security.oauth2.client.servlet.OAuth2ClientAutoConfiguration, org.springframework.boot.autoconfigure.security.oauth2.resource.servlet.OAuth2ResourceServerAutoConfiguration, org.springframework.boot.autoconfigure.security.servlet.SecurityAutoConfiguration, org.springframework.boot.autoconfigure.security.servlet.SecurityFilterAutoConfiguration, org.springframework.boot.autoconfigure.security.servlet.UserDetailsServiceAutoConfiguration, org.springframework.boot.test.autoconfigure.web.servlet.MockMvcSecurityConfiguration]], org.springframework.boot.test.context.filter.ExcludeFilterContextCustomizer@51f116b8, org.springframework.boot.test.json.DuplicateJsonObjectContextCustomizerFactory$DuplicateJsonObjectContextCustomizer@140c9f39, org.springframework.boot.test.mock.mockito.MockitoContextCustomizer@0, org.springframework.boot.test.autoconfigure.OverrideAutoConfigurationContextCustomizerFactory$DisableAutoConfigurationContextCustomizer@35d44cd3, org.springframework.boot.test.autoconfigure.actuate.metrics.MetricsExportContextCustomizerFactory$DisableMetricExportContextCustomizer@696da30b, org.springframework.boot.test.autoconfigure.filter.TypeExcludeFiltersContextCustomizer@ce4732b2, org.springframework.boot.test.autoconfigure.properties.PropertyMappingContextCustomizer@49831519, org.springframework.boot.test.autoconfigure.web.servlet.WebDriverContextCustomizerFactory$Customizer@34f5090e, org.springframework.boot.test.context.SpringBootTestArgs@1, org.springframework.boot.test.context.SpringBootTestWebEnvironment@0], resourceBasePath = 'src/main/webapp', contextLoader = 'org.springframework.boot.test.context.SpringBootContextLoader', parent = [null]], attributes = map[[empty]]], class annotated with @DirtiesContext [false] with mode [null].
2024-01-13 22:39:12.296 TRACE 58992 --- [           main] o.s.test.context.TestContextManager      : prepareTestInstance(): instance [tacos.HomeControllerTest@23e0b938]
2024-01-13 22:39:12.296 DEBUG 58992 --- [           main] DependencyInjectionTestExecutionListener : Performing dependency injection for test context [[DefaultTestContext@2dbfcbe4 testClass = HomeControllerTest, testInstance = tacos.HomeControllerTest@23e0b938, testMethod = [null], testException = [null], mergedContextConfiguration = [WebMergedContextConfiguration@6f13ed1 testClass = HomeControllerTest, locations = '{}', classes = '{class tacos.TacoCloudApplicationJpa}', contextInitializerClasses = '[]', activeProfiles = '{}', propertySourceLocations = '{}', propertySourceProperties = '{org.springframework.boot.test.autoconfigure.web.servlet.WebMvcTestContextBootstrapper=true}', contextCustomizers = set[[ImportsContextCustomizer@44aaa987 key = [org.springframework.boot.autoconfigure.cache.CacheAutoConfiguration, org.springframework.boot.autoconfigure.context.MessageSourceAutoConfiguration, org.springframework.boot.autoconfigure.data.web.SpringDataWebAutoConfiguration, org.springframework.boot.autoconfigure.freemarker.FreeMarkerAutoConfiguration, org.springframework.boot.autoconfigure.groovy.template.GroovyTemplateAutoConfiguration, org.springframework.boot.autoconfigure.gson.GsonAutoConfiguration, org.springframework.boot.autoconfigure.hateoas.HypermediaAutoConfiguration, org.springframework.boot.autoconfigure.http.HttpMessageConvertersAutoConfiguration, org.springframework.boot.autoconfigure.jackson.JacksonAutoConfiguration, org.springframework.boot.autoconfigure.jsonb.JsonbAutoConfiguration, org.springframework.boot.autoconfigure.mustache.MustacheAutoConfiguration, org.springframework.boot.autoconfigure.task.TaskExecutionAutoConfiguration, org.springframework.boot.autoconfigure.thymeleaf.ThymeleafAutoConfiguration, org.springframework.boot.autoconfigure.validation.ValidationAutoConfiguration, org.springframework.boot.autoconfigure.web.servlet.error.ErrorMvcAutoConfiguration, org.springframework.boot.autoconfigure.web.servlet.HttpEncodingAutoConfiguration, org.springframework.boot.autoconfigure.web.servlet.WebMvcAutoConfiguration, org.springframework.boot.test.autoconfigure.web.servlet.MockMvcAutoConfiguration, org.springframework.boot.test.autoconfigure.web.servlet.MockMvcWebClientAutoConfiguration, org.springframework.boot.test.autoconfigure.web.servlet.MockMvcWebDriverAutoConfiguration, org.springframework.boot.autoconfigure.security.oauth2.client.servlet.OAuth2ClientAutoConfiguration, org.springframework.boot.autoconfigure.security.oauth2.resource.servlet.OAuth2ResourceServerAutoConfiguration, org.springframework.boot.autoconfigure.security.servlet.SecurityAutoConfiguration, org.springframework.boot.autoconfigure.security.servlet.SecurityFilterAutoConfiguration, org.springframework.boot.autoconfigure.security.servlet.UserDetailsServiceAutoConfiguration, org.springframework.boot.test.autoconfigure.web.servlet.MockMvcSecurityConfiguration]], org.springframework.boot.test.context.filter.ExcludeFilterContextCustomizer@51f116b8, org.springframework.boot.test.json.DuplicateJsonObjectContextCustomizerFactory$DuplicateJsonObjectContextCustomizer@140c9f39, org.springframework.boot.test.mock.mockito.MockitoContextCustomizer@0, org.springframework.boot.test.autoconfigure.OverrideAutoConfigurationContextCustomizerFactory$DisableAutoConfigurationContextCustomizer@35d44cd3, org.springframework.boot.test.autoconfigure.actuate.metrics.MetricsExportContextCustomizerFactory$DisableMetricExportContextCustomizer@696da30b, org.springframework.boot.test.autoconfigure.filter.TypeExcludeFiltersContextCustomizer@ce4732b2, org.springframework.boot.test.autoconfigure.properties.PropertyMappingContextCustomizer@49831519, org.springframework.boot.test.autoconfigure.web.servlet.WebDriverContextCustomizerFactory$Customizer@34f5090e, org.springframework.boot.test.context.SpringBootTestArgs@1, org.springframework.boot.test.context.SpringBootTestWebEnvironment@0], resourceBasePath = 'src/main/webapp', contextLoader = 'org.springframework.boot.test.context.SpringBootContextLoader', parent = [null]], attributes = map['org.springframework.test.context.event.ApplicationEventsTestExecutionListener.recordApplicationEvents' -> false]]].
2024-01-13 22:39:12.296 DEBUG 58992 --- [           main] o.s.t.c.support.TestPropertySourceUtils  : Adding inlined properties to environment: {spring.jmx.enabled=false, org.springframework.boot.test.autoconfigure.web.servlet.WebMvcTestContextBootstrapper=true}
2024-01-13 22:39:12.297 TRACE 58992 --- [           main] o.s.c.io.support.SpringFactoriesLoader   : Loaded [org.springframework.boot.logging.LoggingSystemFactory] names: [org.springframework.boot.logging.logback.LogbackLoggingSystem.Factory, org.springframework.boot.logging.log4j2.Log4J2LoggingSystem.Factory, org.springframework.boot.logging.java.JavaLoggingSystem.Factory]
2024-01-13 22:39:12.298 TRACE 58992 --- [           main] o.s.c.e.PropertySourcesPropertyResolver  : Searching for key 'spring.main.cloud-platform' in PropertySource 'configurationProperties'
2024-01-13 22:39:12.298 TRACE 58992 --- [           main] o.s.c.e.PropertySourcesPropertyResolver  : Searching for key 'spring.main.cloud-platform' in PropertySource 'Inlined Test Properties'
2024-01-13 22:39:12.298 TRACE 58992 --- [           main] o.s.c.e.PropertySourcesPropertyResolver  : Searching for key 'spring.main.cloud-platform' in PropertySource 'systemProperties'
2024-01-13 22:39:12.298 TRACE 58992 --- [           main] o.s.c.e.PropertySourcesPropertyResolver  : Searching for key 'spring.main.cloud-platform' in PropertySource 'systemEnvironment'
2024-01-13 22:39:12.298 TRACE 58992 --- [           main] o.s.c.e.PropertySourcesPropertyResolver  : Searching for key 'spring.main.cloud-platform' in PropertySource 'random'
2024-01-13 22:39:12.298 TRACE 58992 --- [           main] o.s.c.e.PropertySourcesPropertyResolver  : Could not find key 'spring.main.cloud-platform' in any property source
2024-01-13 22:39:12.298 TRACE 58992 --- [           main] o.s.c.io.support.SpringFactoriesLoader   : Loaded [org.springframework.boot.env.PropertySourceLoader] names: [org.springframework.boot.env.PropertiesPropertySourceLoader, org.springframework.boot.env.YamlPropertySourceLoader]
2024-01-13 22:39:12.300 DEBUG 58992 --- [           main] o.s.boot.env.OriginTrackedYamlLoader     : Loading from YAML: class path resource [application.yml]
2024-01-13 22:39:12.300 DEBUG 58992 --- [           main] o.s.boot.env.OriginTrackedYamlLoader     : Merging document (no matchers set): {logging={level={root=TRACE}}}
2024-01-13 22:39:12.300 DEBUG 58992 --- [           main] o.s.boot.env.OriginTrackedYamlLoader     : Loaded 1 document from YAML resource: class path resource [application.yml]
2024-01-13 22:39:12.301 TRACE 58992 --- [           main] o.s.c.e.PropertySourcesPropertyResolver  : Searching for key 'spring.main.cloud-platform' in PropertySource 'configurationProperties'
2024-01-13 22:39:12.301 TRACE 58992 --- [           main] o.s.c.e.PropertySourcesPropertyResolver  : Searching for key 'spring.main.cloud-platform' in PropertySource 'Inlined Test Properties'
2024-01-13 22:39:12.301 TRACE 58992 --- [           main] o.s.c.e.PropertySourcesPropertyResolver  : Searching for key 'spring.main.cloud-platform' in PropertySource 'systemProperties'
2024-01-13 22:39:12.301 TRACE 58992 --- [           main] o.s.c.e.PropertySourcesPropertyResolver  : Searching for key 'spring.main.cloud-platform' in PropertySource 'systemEnvironment'
2024-01-13 22:39:12.302 TRACE 58992 --- [           main] o.s.c.e.PropertySourcesPropertyResolver  : Searching for key 'spring.main.cloud-platform' in PropertySource 'random'
2024-01-13 22:39:12.302 TRACE 58992 --- [           main] o.s.c.e.PropertySourcesPropertyResolver  : Could not find key 'spring.main.cloud-platform' in any property source
2024-01-13 22:39:12.302 TRACE 58992 --- [           main] o.s.c.e.PropertySourcesPropertyResolver  : Searching for key 'spring.main.cloud-platform' in PropertySource 'configurationProperties'
2024-01-13 22:39:12.302 TRACE 58992 --- [           main] o.s.c.e.PropertySourcesPropertyResolver  : Searching for key 'spring.main.cloud-platform' in PropertySource 'Inlined Test Properties'
2024-01-13 22:39:12.302 TRACE 58992 --- [           main] o.s.c.e.PropertySourcesPropertyResolver  : Searching for key 'spring.main.cloud-platform' in PropertySource 'systemProperties'
2024-01-13 22:39:12.302 TRACE 58992 --- [           main] o.s.c.e.PropertySourcesPropertyResolver  : Searching for key 'spring.main.cloud-platform' in PropertySource 'systemEnvironment'
2024-01-13 22:39:12.302 TRACE 58992 --- [           main] o.s.c.e.PropertySourcesPropertyResolver  : Searching for key 'spring.main.cloud-platform' in PropertySource 'random'
2024-01-13 22:39:12.302 TRACE 58992 --- [           main] o.s.c.e.PropertySourcesPropertyResolver  : Could not find key 'spring.main.cloud-platform' in any property source
2024-01-13 22:39:12.302 TRACE 58992 --- [           main] o.s.c.e.PropertySourcesPropertyResolver  : Searching for key 'spring.main.cloud-platform' in PropertySource 'configurationProperties'
2024-01-13 22:39:12.302 TRACE 58992 --- [           main] o.s.c.e.PropertySourcesPropertyResolver  : Searching for key 'spring.main.cloud-platform' in PropertySource 'Inlined Test Properties'
2024-01-13 22:39:12.302 TRACE 58992 --- [           main] o.s.c.e.PropertySourcesPropertyResolver  : Searching for key 'spring.main.cloud-platform' in PropertySource 'systemProperties'
2024-01-13 22:39:12.302 TRACE 58992 --- [           main] o.s.c.e.PropertySourcesPropertyResolver  : Searching for key 'spring.main.cloud-platform' in PropertySource 'systemEnvironment'
2024-01-13 22:39:12.302 TRACE 58992 --- [           main] o.s.c.e.PropertySourcesPropertyResolver  : Searching for key 'spring.main.cloud-platform' in PropertySource 'random'
2024-01-13 22:39:12.302 TRACE 58992 --- [           main] o.s.c.e.PropertySourcesPropertyResolver  : Could not find key 'spring.main.cloud-platform' in any property source
2024-01-13 22:39:12.302 TRACE 58992 --- [           main] o.s.c.e.PropertySourcesPropertyResolver  : Searching for key 'spring.main.cloud-platform' in PropertySource 'configurationProperties'
2024-01-13 22:39:12.302 TRACE 58992 --- [           main] o.s.c.e.PropertySourcesPropertyResolver  : Searching for key 'spring.main.cloud-platform' in PropertySource 'Inlined Test Properties'
2024-01-13 22:39:12.302 TRACE 58992 --- [           main] o.s.c.e.PropertySourcesPropertyResolver  : Searching for key 'spring.main.cloud-platform' in PropertySource 'systemProperties'
2024-01-13 22:39:12.302 TRACE 58992 --- [           main] o.s.c.e.PropertySourcesPropertyResolver  : Searching for key 'spring.main.cloud-platform' in PropertySource 'systemEnvironment'
2024-01-13 22:39:12.302 TRACE 58992 --- [           main] o.s.c.e.PropertySourcesPropertyResolver  : Searching for key 'spring.main.cloud-platform' in PropertySource 'random'
2024-01-13 22:39:12.302 TRACE 58992 --- [           main] o.s.c.e.PropertySourcesPropertyResolver  : Could not find key 'spring.main.cloud-platform' in any property source
2024-01-13 22:39:12.302 TRACE 58992 --- [           main] o.s.c.e.PropertySourcesPropertyResolver  : Searching for key 'spring.main.cloud-platform' in PropertySource 'configurationProperties'
2024-01-13 22:39:12.302 TRACE 58992 --- [           main] o.s.c.e.PropertySourcesPropertyResolver  : Searching for key 'spring.main.cloud-platform' in PropertySource 'Inlined Test Properties'
2024-01-13 22:39:12.302 TRACE 58992 --- [           main] o.s.c.e.PropertySourcesPropertyResolver  : Searching for key 'spring.main.cloud-platform' in PropertySource 'systemProperties'
2024-01-13 22:39:12.302 TRACE 58992 --- [           main] o.s.c.e.PropertySourcesPropertyResolver  : Searching for key 'spring.main.cloud-platform' in PropertySource 'systemEnvironment'
2024-01-13 22:39:12.302 TRACE 58992 --- [           main] o.s.c.e.PropertySourcesPropertyResolver  : Searching for key 'spring.main.cloud-platform' in PropertySource 'random'
2024-01-13 22:39:12.302 TRACE 58992 --- [           main] o.s.c.e.PropertySourcesPropertyResolver  : Could not find key 'spring.main.cloud-platform' in any property source
2024-01-13 22:39:12.302 TRACE 58992 --- [           main] o.s.c.e.PropertySourcesPropertyResolver  : Searching for key 'spring.main.cloud-platform' in PropertySource 'configurationProperties'
2024-01-13 22:39:12.302 TRACE 58992 --- [           main] o.s.c.e.PropertySourcesPropertyResolver  : Searching for key 'spring.main.cloud-platform' in PropertySource 'Inlined Test Properties'
2024-01-13 22:39:12.302 TRACE 58992 --- [           main] o.s.c.e.PropertySourcesPropertyResolver  : Searching for key 'spring.main.cloud-platform' in PropertySource 'systemProperties'
2024-01-13 22:39:12.302 TRACE 58992 --- [           main] o.s.c.e.PropertySourcesPropertyResolver  : Searching for key 'spring.main.cloud-platform' in PropertySource 'systemEnvironment'
2024-01-13 22:39:12.302 TRACE 58992 --- [           main] o.s.c.e.PropertySourcesPropertyResolver  : Searching for key 'spring.main.cloud-platform' in PropertySource 'random'
2024-01-13 22:39:12.302 TRACE 58992 --- [           main] o.s.c.e.PropertySourcesPropertyResolver  : Could not find key 'spring.main.cloud-platform' in any property source
2024-01-13 22:39:12.302 TRACE 58992 --- [           main] o.s.c.e.PropertySourcesPropertyResolver  : Searching for key 'spring.profiles.active' in PropertySource 'configurationProperties'
2024-01-13 22:39:12.302 TRACE 58992 --- [           main] o.s.c.e.PropertySourcesPropertyResolver  : Searching for key 'spring.profiles.active' in PropertySource 'Inlined Test Properties'
2024-01-13 22:39:12.302 TRACE 58992 --- [           main] o.s.c.e.PropertySourcesPropertyResolver  : Searching for key 'spring.profiles.active' in PropertySource 'systemProperties'
2024-01-13 22:39:12.302 TRACE 58992 --- [           main] o.s.c.e.PropertySourcesPropertyResolver  : Searching for key 'spring.profiles.active' in PropertySource 'systemEnvironment'
2024-01-13 22:39:12.302 TRACE 58992 --- [           main] o.s.c.e.PropertySourcesPropertyResolver  : Searching for key 'spring.profiles.active' in PropertySource 'random'
2024-01-13 22:39:12.302 TRACE 58992 --- [           main] o.s.c.e.PropertySourcesPropertyResolver  : Could not find key 'spring.profiles.active' in any property source
2024-01-13 22:39:12.302 TRACE 58992 --- [           main] o.s.c.e.PropertySourcesPropertyResolver  : Searching for key 'spring.profiles.active' in PropertySource 'configurationProperties'
2024-01-13 22:39:12.302 TRACE 58992 --- [           main] o.s.c.e.PropertySourcesPropertyResolver  : Searching for key 'spring.profiles.active' in PropertySource 'Inlined Test Properties'
2024-01-13 22:39:12.302 TRACE 58992 --- [           main] o.s.c.e.PropertySourcesPropertyResolver  : Searching for key 'spring.profiles.active' in PropertySource 'systemProperties'
2024-01-13 22:39:12.302 TRACE 58992 --- [           main] o.s.c.e.PropertySourcesPropertyResolver  : Searching for key 'spring.profiles.active' in PropertySource 'systemEnvironment'
2024-01-13 22:39:12.302 TRACE 58992 --- [           main] o.s.c.e.PropertySourcesPropertyResolver  : Searching for key 'spring.profiles.active' in PropertySource 'random'
2024-01-13 22:39:12.302 TRACE 58992 --- [           main] o.s.c.e.PropertySourcesPropertyResolver  : Could not find key 'spring.profiles.active' in any property source
2024-01-13 22:39:12.302 TRACE 58992 --- [           main] o.s.c.e.PropertySourcesPropertyResolver  : Searching for key 'spring.profiles.default' in PropertySource 'configurationProperties'
2024-01-13 22:39:12.302 TRACE 58992 --- [           main] o.s.c.e.PropertySourcesPropertyResolver  : Searching for key 'spring.profiles.default' in PropertySource 'Inlined Test Properties'
2024-01-13 22:39:12.302 TRACE 58992 --- [           main] o.s.c.e.PropertySourcesPropertyResolver  : Searching for key 'spring.profiles.default' in PropertySource 'systemProperties'
2024-01-13 22:39:12.303 TRACE 58992 --- [           main] o.s.c.e.PropertySourcesPropertyResolver  : Searching for key 'spring.profiles.default' in PropertySource 'systemEnvironment'
2024-01-13 22:39:12.303 TRACE 58992 --- [           main] o.s.c.e.PropertySourcesPropertyResolver  : Searching for key 'spring.profiles.default' in PropertySource 'random'
2024-01-13 22:39:12.303 TRACE 58992 --- [           main] o.s.c.e.PropertySourcesPropertyResolver  : Could not find key 'spring.profiles.default' in any property source
2024-01-13 22:39:12.303 TRACE 58992 --- [           main] o.s.c.e.PropertySourcesPropertyResolver  : Searching for key 'spring.profiles.default' in PropertySource 'configurationProperties'
2024-01-13 22:39:12.303 TRACE 58992 --- [           main] o.s.c.e.PropertySourcesPropertyResolver  : Searching for key 'spring.profiles.default' in PropertySource 'Inlined Test Properties'
2024-01-13 22:39:12.303 TRACE 58992 --- [           main] o.s.c.e.PropertySourcesPropertyResolver  : Searching for key 'spring.profiles.default' in PropertySource 'systemProperties'
2024-01-13 22:39:12.303 TRACE 58992 --- [           main] o.s.c.e.PropertySourcesPropertyResolver  : Searching for key 'spring.profiles.default' in PropertySource 'systemEnvironment'
2024-01-13 22:39:12.303 TRACE 58992 --- [           main] o.s.c.e.PropertySourcesPropertyResolver  : Searching for key 'spring.profiles.default' in PropertySource 'random'
2024-01-13 22:39:12.303 TRACE 58992 --- [           main] o.s.c.e.PropertySourcesPropertyResolver  : Could not find key 'spring.profiles.default' in any property source
2024-01-13 22:39:12.304 DEBUG 58992 --- [           main] o.s.core.env.StandardEnvironment         : Activating profiles []
2024-01-13 22:39:12.305 TRACE 58992 --- [           main] o.s.c.e.PropertySourcesPropertyResolver  : Searching for key 'spring.output.ansi.console-available' in PropertySource 'configurationProperties'
2024-01-13 22:39:12.305 TRACE 58992 --- [           main] o.s.c.e.PropertySourcesPropertyResolver  : Searching for key 'spring.output.ansi.console-available' in PropertySource 'Inlined Test Properties'
2024-01-13 22:39:12.305 TRACE 58992 --- [           main] o.s.c.e.PropertySourcesPropertyResolver  : Searching for key 'spring.output.ansi.console-available' in PropertySource 'systemProperties'
2024-01-13 22:39:12.305 TRACE 58992 --- [           main] o.s.c.e.PropertySourcesPropertyResolver  : Searching for key 'spring.output.ansi.console-available' in PropertySource 'systemEnvironment'
2024-01-13 22:39:12.305 TRACE 58992 --- [           main] o.s.c.e.PropertySourcesPropertyResolver  : Searching for key 'spring.output.ansi.console-available' in PropertySource 'random'
2024-01-13 22:39:12.305 TRACE 58992 --- [           main] o.s.c.e.PropertySourcesPropertyResolver  : Searching for key 'spring.output.ansi.console-available' in PropertySource 'Config resource 'class path resource [application.properties]' via location 'optional:classpath:/''
2024-01-13 22:39:12.305 TRACE 58992 --- [           main] o.s.c.e.PropertySourcesPropertyResolver  : Searching for key 'spring.output.ansi.console-available' in PropertySource 'Config resource 'class path resource [application.yml]' via location 'optional:classpath:/''
2024-01-13 22:39:12.305 TRACE 58992 --- [           main] o.s.c.e.PropertySourcesPropertyResolver  : Could not find key 'spring.output.ansi.console-available' in any property source
2024-01-13 22:39:12.305 TRACE 58992 --- [           main] o.s.c.e.PropertySourcesPropertyResolver  : Searching for key 'logging.exception-conversion-word' in PropertySource 'configurationProperties'
2024-01-13 22:39:12.305 TRACE 58992 --- [           main] o.s.c.e.PropertySourcesPropertyResolver  : Searching for key 'logging.exception-conversion-word' in PropertySource 'Inlined Test Properties'
2024-01-13 22:39:12.305 TRACE 58992 --- [           main] o.s.c.e.PropertySourcesPropertyResolver  : Searching for key 'logging.exception-conversion-word' in PropertySource 'systemProperties'
2024-01-13 22:39:12.305 TRACE 58992 --- [           main] o.s.c.e.PropertySourcesPropertyResolver  : Searching for key 'logging.exception-conversion-word' in PropertySource 'systemEnvironment'
2024-01-13 22:39:12.305 TRACE 58992 --- [           main] o.s.c.e.PropertySourcesPropertyResolver  : Searching for key 'logging.exception-conversion-word' in PropertySource 'random'
2024-01-13 22:39:12.305 TRACE 58992 --- [           main] o.s.c.e.PropertySourcesPropertyResolver  : Searching for key 'logging.exception-conversion-word' in PropertySource 'Config resource 'class path resource [application.properties]' via location 'optional:classpath:/''
2024-01-13 22:39:12.305 TRACE 58992 --- [           main] o.s.c.e.PropertySourcesPropertyResolver  : Searching for key 'logging.exception-conversion-word' in PropertySource 'Config resource 'class path resource [application.yml]' via location 'optional:classpath:/''
2024-01-13 22:39:12.305 TRACE 58992 --- [           main] o.s.c.e.PropertySourcesPropertyResolver  : Could not find key 'logging.exception-conversion-word' in any property source
2024-01-13 22:39:12.305 TRACE 58992 --- [           main] o.s.c.e.PropertySourcesPropertyResolver  : Searching for key 'logging.pattern.console' in PropertySource 'configurationProperties'
2024-01-13 22:39:12.305 TRACE 58992 --- [           main] o.s.c.e.PropertySourcesPropertyResolver  : Searching for key 'logging.pattern.console' in PropertySource 'Inlined Test Properties'
2024-01-13 22:39:12.305 TRACE 58992 --- [           main] o.s.c.e.PropertySourcesPropertyResolver  : Searching for key 'logging.pattern.console' in PropertySource 'systemProperties'
2024-01-13 22:39:12.305 TRACE 58992 --- [           main] o.s.c.e.PropertySourcesPropertyResolver  : Searching for key 'logging.pattern.console' in PropertySource 'systemEnvironment'
2024-01-13 22:39:12.305 TRACE 58992 --- [           main] o.s.c.e.PropertySourcesPropertyResolver  : Searching for key 'logging.pattern.console' in PropertySource 'random'
2024-01-13 22:39:12.305 TRACE 58992 --- [           main] o.s.c.e.PropertySourcesPropertyResolver  : Searching for key 'logging.pattern.console' in PropertySource 'Config resource 'class path resource [application.properties]' via location 'optional:classpath:/''
2024-01-13 22:39:12.305 TRACE 58992 --- [           main] o.s.c.e.PropertySourcesPropertyResolver  : Searching for key 'logging.pattern.console' in PropertySource 'Config resource 'class path resource [application.yml]' via location 'optional:classpath:/''
2024-01-13 22:39:12.305 TRACE 58992 --- [           main] o.s.c.e.PropertySourcesPropertyResolver  : Could not find key 'logging.pattern.console' in any property source
2024-01-13 22:39:12.305 TRACE 58992 --- [           main] o.s.c.e.PropertySourcesPropertyResolver  : Searching for key 'logging.charset.console' in PropertySource 'configurationProperties'
2024-01-13 22:39:12.305 TRACE 58992 --- [           main] o.s.c.e.PropertySourcesPropertyResolver  : Searching for key 'logging.charset.console' in PropertySource 'Inlined Test Properties'
2024-01-13 22:39:12.305 TRACE 58992 --- [           main] o.s.c.e.PropertySourcesPropertyResolver  : Searching for key 'logging.charset.console' in PropertySource 'systemProperties'
2024-01-13 22:39:12.305 TRACE 58992 --- [           main] o.s.c.e.PropertySourcesPropertyResolver  : Searching for key 'logging.charset.console' in PropertySource 'systemEnvironment'
2024-01-13 22:39:12.305 TRACE 58992 --- [           main] o.s.c.e.PropertySourcesPropertyResolver  : Searching for key 'logging.charset.console' in PropertySource 'random'
2024-01-13 22:39:12.305 TRACE 58992 --- [           main] o.s.c.e.PropertySourcesPropertyResolver  : Searching for key 'logging.charset.console' in PropertySource 'Config resource 'class path resource [application.properties]' via location 'optional:classpath:/''
2024-01-13 22:39:12.305 TRACE 58992 --- [           main] o.s.c.e.PropertySourcesPropertyResolver  : Searching for key 'logging.charset.console' in PropertySource 'Config resource 'class path resource [application.yml]' via location 'optional:classpath:/''
2024-01-13 22:39:12.305 TRACE 58992 --- [           main] o.s.c.e.PropertySourcesPropertyResolver  : Could not find key 'logging.charset.console' in any property source
2024-01-13 22:39:12.305 TRACE 58992 --- [           main] o.s.c.e.PropertySourcesPropertyResolver  : Searching for key 'logging.pattern.dateformat' in PropertySource 'configurationProperties'
2024-01-13 22:39:12.305 TRACE 58992 --- [           main] o.s.c.e.PropertySourcesPropertyResolver  : Searching for key 'logging.pattern.dateformat' in PropertySource 'Inlined Test Properties'
2024-01-13 22:39:12.305 TRACE 58992 --- [           main] o.s.c.e.PropertySourcesPropertyResolver  : Searching for key 'logging.pattern.dateformat' in PropertySource 'systemProperties'
2024-01-13 22:39:12.305 TRACE 58992 --- [           main] o.s.c.e.PropertySourcesPropertyResolver  : Searching for key 'logging.pattern.dateformat' in PropertySource 'systemEnvironment'
2024-01-13 22:39:12.305 TRACE 58992 --- [           main] o.s.c.e.PropertySourcesPropertyResolver  : Searching for key 'logging.pattern.dateformat' in PropertySource 'random'
2024-01-13 22:39:12.305 TRACE 58992 --- [           main] o.s.c.e.PropertySourcesPropertyResolver  : Searching for key 'logging.pattern.dateformat' in PropertySource 'Config resource 'class path resource [application.properties]' via location 'optional:classpath:/''
2024-01-13 22:39:12.305 TRACE 58992 --- [           main] o.s.c.e.PropertySourcesPropertyResolver  : Searching for key 'logging.pattern.dateformat' in PropertySource 'Config resource 'class path resource [application.yml]' via location 'optional:classpath:/''
2024-01-13 22:39:12.305 TRACE 58992 --- [           main] o.s.c.e.PropertySourcesPropertyResolver  : Could not find key 'logging.pattern.dateformat' in any property source
2024-01-13 22:39:12.305 TRACE 58992 --- [           main] o.s.c.e.PropertySourcesPropertyResolver  : Searching for key 'logging.pattern.file' in PropertySource 'configurationProperties'
2024-01-13 22:39:12.305 TRACE 58992 --- [           main] o.s.c.e.PropertySourcesPropertyResolver  : Searching for key 'logging.pattern.file' in PropertySource 'Inlined Test Properties'
2024-01-13 22:39:12.305 TRACE 58992 --- [           main] o.s.c.e.PropertySourcesPropertyResolver  : Searching for key 'logging.pattern.file' in PropertySource 'systemProperties'
2024-01-13 22:39:12.305 TRACE 58992 --- [           main] o.s.c.e.PropertySourcesPropertyResolver  : Searching for key 'logging.pattern.file' in PropertySource 'systemEnvironment'
2024-01-13 22:39:12.305 TRACE 58992 --- [           main] o.s.c.e.PropertySourcesPropertyResolver  : Searching for key 'logging.pattern.file' in PropertySource 'random'
2024-01-13 22:39:12.305 TRACE 58992 --- [           main] o.s.c.e.PropertySourcesPropertyResolver  : Searching for key 'logging.pattern.file' in PropertySource 'Config resource 'class path resource [application.properties]' via location 'optional:classpath:/''
2024-01-13 22:39:12.305 TRACE 58992 --- [           main] o.s.c.e.PropertySourcesPropertyResolver  : Searching for key 'logging.pattern.file' in PropertySource 'Config resource 'class path resource [application.yml]' via location 'optional:classpath:/''
2024-01-13 22:39:12.305 TRACE 58992 --- [           main] o.s.c.e.PropertySourcesPropertyResolver  : Could not find key 'logging.pattern.file' in any property source
2024-01-13 22:39:12.305 TRACE 58992 --- [           main] o.s.c.e.PropertySourcesPropertyResolver  : Searching for key 'logging.charset.file' in PropertySource 'configurationProperties'
2024-01-13 22:39:12.305 TRACE 58992 --- [           main] o.s.c.e.PropertySourcesPropertyResolver  : Searching for key 'logging.charset.file' in PropertySource 'Inlined Test Properties'
2024-01-13 22:39:12.305 TRACE 58992 --- [           main] o.s.c.e.PropertySourcesPropertyResolver  : Searching for key 'logging.charset.file' in PropertySource 'systemProperties'
2024-01-13 22:39:12.305 TRACE 58992 --- [           main] o.s.c.e.PropertySourcesPropertyResolver  : Searching for key 'logging.charset.file' in PropertySource 'systemEnvironment'
2024-01-13 22:39:12.305 TRACE 58992 --- [           main] o.s.c.e.PropertySourcesPropertyResolver  : Searching for key 'logging.charset.file' in PropertySource 'random'
2024-01-13 22:39:12.305 TRACE 58992 --- [           main] o.s.c.e.PropertySourcesPropertyResolver  : Searching for key 'logging.charset.file' in PropertySource 'Config resource 'class path resource [application.properties]' via location 'optional:classpath:/''
2024-01-13 22:39:12.305 TRACE 58992 --- [           main] o.s.c.e.PropertySourcesPropertyResolver  : Searching for key 'logging.charset.file' in PropertySource 'Config resource 'class path resource [application.yml]' via location 'optional:classpath:/''
2024-01-13 22:39:12.305 TRACE 58992 --- [           main] o.s.c.e.PropertySourcesPropertyResolver  : Could not find key 'logging.charset.file' in any property source
2024-01-13 22:39:12.305 TRACE 58992 --- [           main] o.s.c.e.PropertySourcesPropertyResolver  : Searching for key 'logging.pattern.level' in PropertySource 'configurationProperties'
2024-01-13 22:39:12.305 TRACE 58992 --- [           main] o.s.c.e.PropertySourcesPropertyResolver  : Searching for key 'logging.pattern.level' in PropertySource 'Inlined Test Properties'
2024-01-13 22:39:12.305 TRACE 58992 --- [           main] o.s.c.e.PropertySourcesPropertyResolver  : Searching for key 'logging.pattern.level' in PropertySource 'systemProperties'
2024-01-13 22:39:12.305 TRACE 58992 --- [           main] o.s.c.e.PropertySourcesPropertyResolver  : Searching for key 'logging.pattern.level' in PropertySource 'systemEnvironment'
2024-01-13 22:39:12.305 TRACE 58992 --- [           main] o.s.c.e.PropertySourcesPropertyResolver  : Searching for key 'logging.pattern.level' in PropertySource 'random'
2024-01-13 22:39:12.305 TRACE 58992 --- [           main] o.s.c.e.PropertySourcesPropertyResolver  : Searching for key 'logging.pattern.level' in PropertySource 'Config resource 'class path resource [application.properties]' via location 'optional:classpath:/''
2024-01-13 22:39:12.305 TRACE 58992 --- [           main] o.s.c.e.PropertySourcesPropertyResolver  : Searching for key 'logging.pattern.level' in PropertySource 'Config resource 'class path resource [application.yml]' via location 'optional:classpath:/''
2024-01-13 22:39:12.305 TRACE 58992 --- [           main] o.s.c.e.PropertySourcesPropertyResolver  : Could not find key 'logging.pattern.level' in any property source
2024-01-13 22:39:12.305 TRACE 58992 --- [           main] o.s.c.e.PropertySourcesPropertyResolver  : Searching for key 'logging.file.clean-history-on-start' in PropertySource 'configurationProperties'
2024-01-13 22:39:12.305 TRACE 58992 --- [           main] o.s.c.e.PropertySourcesPropertyResolver  : Searching for key 'logging.file.clean-history-on-start' in PropertySource 'Inlined Test Properties'
2024-01-13 22:39:12.305 TRACE 58992 --- [           main] o.s.c.e.PropertySourcesPropertyResolver  : Searching for key 'logging.file.clean-history-on-start' in PropertySource 'systemProperties'
2024-01-13 22:39:12.305 TRACE 58992 --- [           main] o.s.c.e.PropertySourcesPropertyResolver  : Searching for key 'logging.file.clean-history-on-start' in PropertySource 'systemEnvironment'
2024-01-13 22:39:12.305 TRACE 58992 --- [           main] o.s.c.e.PropertySourcesPropertyResolver  : Searching for key 'logging.file.clean-history-on-start' in PropertySource 'random'
2024-01-13 22:39:12.305 TRACE 58992 --- [           main] o.s.c.e.PropertySourcesPropertyResolver  : Searching for key 'logging.file.clean-history-on-start' in PropertySource 'Config resource 'class path resource [application.properties]' via location 'optional:classpath:/''
2024-01-13 22:39:12.305 TRACE 58992 --- [           main] o.s.c.e.PropertySourcesPropertyResolver  : Searching for key 'logging.file.clean-history-on-start' in PropertySource 'Config resource 'class path resource [application.yml]' via location 'optional:classpath:/''
2024-01-13 22:39:12.305 TRACE 58992 --- [           main] o.s.c.e.PropertySourcesPropertyResolver  : Could not find key 'logging.file.clean-history-on-start' in any property source
2024-01-13 22:39:12.305 TRACE 58992 --- [           main] o.s.c.e.PropertySourcesPropertyResolver  : Searching for key 'logging.file.max-history' in PropertySource 'configurationProperties'
2024-01-13 22:39:12.305 TRACE 58992 --- [           main] o.s.c.e.PropertySourcesPropertyResolver  : Searching for key 'logging.file.max-history' in PropertySource 'Inlined Test Properties'
2024-01-13 22:39:12.305 TRACE 58992 --- [           main] o.s.c.e.PropertySourcesPropertyResolver  : Searching for key 'logging.file.max-history' in PropertySource 'systemProperties'
2024-01-13 22:39:12.305 TRACE 58992 --- [           main] o.s.c.e.PropertySourcesPropertyResolver  : Searching for key 'logging.file.max-history' in PropertySource 'systemEnvironment'
2024-01-13 22:39:12.305 TRACE 58992 --- [           main] o.s.c.e.PropertySourcesPropertyResolver  : Searching for key 'logging.file.max-history' in PropertySource 'random'
2024-01-13 22:39:12.305 TRACE 58992 --- [           main] o.s.c.e.PropertySourcesPropertyResolver  : Searching for key 'logging.file.max-history' in PropertySource 'Config resource 'class path resource [application.properties]' via location 'optional:classpath:/''
2024-01-13 22:39:12.305 TRACE 58992 --- [           main] o.s.c.e.PropertySourcesPropertyResolver  : Searching for key 'logging.file.max-history' in PropertySource 'Config resource 'class path resource [application.yml]' via location 'optional:classpath:/''
2024-01-13 22:39:12.305 TRACE 58992 --- [           main] o.s.c.e.PropertySourcesPropertyResolver  : Could not find key 'logging.file.max-history' in any property source
2024-01-13 22:39:12.305 TRACE 58992 --- [           main] o.s.c.e.PropertySourcesPropertyResolver  : Searching for key 'logging.file.max-size' in PropertySource 'configurationProperties'
2024-01-13 22:39:12.305 TRACE 58992 --- [           main] o.s.c.e.PropertySourcesPropertyResolver  : Searching for key 'logging.file.max-size' in PropertySource 'Inlined Test Properties'
2024-01-13 22:39:12.305 TRACE 58992 --- [           main] o.s.c.e.PropertySourcesPropertyResolver  : Searching for key 'logging.file.max-size' in PropertySource 'systemProperties'
2024-01-13 22:39:12.305 TRACE 58992 --- [           main] o.s.c.e.PropertySourcesPropertyResolver  : Searching for key 'logging.file.max-size' in PropertySource 'systemEnvironment'
2024-01-13 22:39:12.305 TRACE 58992 --- [           main] o.s.c.e.PropertySourcesPropertyResolver  : Searching for key 'logging.file.max-size' in PropertySource 'random'
2024-01-13 22:39:12.305 TRACE 58992 --- [           main] o.s.c.e.PropertySourcesPropertyResolver  : Searching for key 'logging.file.max-size' in PropertySource 'Config resource 'class path resource [application.properties]' via location 'optional:classpath:/''
2024-01-13 22:39:12.305 TRACE 58992 --- [           main] o.s.c.e.PropertySourcesPropertyResolver  : Searching for key 'logging.file.max-size' in PropertySource 'Config resource 'class path resource [application.yml]' via location 'optional:classpath:/''
2024-01-13 22:39:12.305 TRACE 58992 --- [           main] o.s.c.e.PropertySourcesPropertyResolver  : Could not find key 'logging.file.max-size' in any property source
2024-01-13 22:39:12.305 TRACE 58992 --- [           main] o.s.c.e.PropertySourcesPropertyResolver  : Searching for key 'logging.file.total-size-cap' in PropertySource 'configurationProperties'
2024-01-13 22:39:12.305 TRACE 58992 --- [           main] o.s.c.e.PropertySourcesPropertyResolver  : Searching for key 'logging.file.total-size-cap' in PropertySource 'Inlined Test Properties'
2024-01-13 22:39:12.305 TRACE 58992 --- [           main] o.s.c.e.PropertySourcesPropertyResolver  : Searching for key 'logging.file.total-size-cap' in PropertySource 'systemProperties'
2024-01-13 22:39:12.305 TRACE 58992 --- [           main] o.s.c.e.PropertySourcesPropertyResolver  : Searching for key 'logging.file.total-size-cap' in PropertySource 'systemEnvironment'
2024-01-13 22:39:12.305 TRACE 58992 --- [           main] o.s.c.e.PropertySourcesPropertyResolver  : Searching for key 'logging.file.total-size-cap' in PropertySource 'random'
2024-01-13 22:39:12.305 TRACE 58992 --- [           main] o.s.c.e.PropertySourcesPropertyResolver  : Searching for key 'logging.file.total-size-cap' in PropertySource 'Config resource 'class path resource [application.properties]' via location 'optional:classpath:/''
2024-01-13 22:39:12.305 TRACE 58992 --- [           main] o.s.c.e.PropertySourcesPropertyResolver  : Searching for key 'logging.file.total-size-cap' in PropertySource 'Config resource 'class path resource [application.yml]' via location 'optional:classpath:/''
2024-01-13 22:39:12.305 TRACE 58992 --- [           main] o.s.c.e.PropertySourcesPropertyResolver  : Could not find key 'logging.file.total-size-cap' in any property source
2024-01-13 22:39:12.305 TRACE 58992 --- [           main] o.s.c.e.PropertySourcesPropertyResolver  : Searching for key 'logging.pattern.rolling-file-name' in PropertySource 'configurationProperties'
2024-01-13 22:39:12.305 TRACE 58992 --- [           main] o.s.c.e.PropertySourcesPropertyResolver  : Searching for key 'logging.pattern.rolling-file-name' in PropertySource 'Inlined Test Properties'
2024-01-13 22:39:12.305 TRACE 58992 --- [           main] o.s.c.e.PropertySourcesPropertyResolver  : Searching for key 'logging.pattern.rolling-file-name' in PropertySource 'systemProperties'
2024-01-13 22:39:12.305 TRACE 58992 --- [           main] o.s.c.e.PropertySourcesPropertyResolver  : Searching for key 'logging.pattern.rolling-file-name' in PropertySource 'systemEnvironment'
2024-01-13 22:39:12.305 TRACE 58992 --- [           main] o.s.c.e.PropertySourcesPropertyResolver  : Searching for key 'logging.pattern.rolling-file-name' in PropertySource 'random'
2024-01-13 22:39:12.305 TRACE 58992 --- [           main] o.s.c.e.PropertySourcesPropertyResolver  : Searching for key 'logging.pattern.rolling-file-name' in PropertySource 'Config resource 'class path resource [application.properties]' via location 'optional:classpath:/''
2024-01-13 22:39:12.305 TRACE 58992 --- [           main] o.s.c.e.PropertySourcesPropertyResolver  : Searching for key 'logging.pattern.rolling-file-name' in PropertySource 'Config resource 'class path resource [application.yml]' via location 'optional:classpath:/''
2024-01-13 22:39:12.305 TRACE 58992 --- [           main] o.s.c.e.PropertySourcesPropertyResolver  : Could not find key 'logging.pattern.rolling-file-name' in any property source
2024-01-13 22:39:12.305 TRACE 58992 --- [           main] o.s.c.e.PropertySourcesPropertyResolver  : Searching for key 'logging.logback.rollingpolicy.file-name-pattern' in PropertySource 'configurationProperties'
2024-01-13 22:39:12.306 TRACE 58992 --- [           main] o.s.c.e.PropertySourcesPropertyResolver  : Searching for key 'logging.logback.rollingpolicy.file-name-pattern' in PropertySource 'Inlined Test Properties'
2024-01-13 22:39:12.306 TRACE 58992 --- [           main] o.s.c.e.PropertySourcesPropertyResolver  : Searching for key 'logging.logback.rollingpolicy.file-name-pattern' in PropertySource 'systemProperties'
2024-01-13 22:39:12.306 TRACE 58992 --- [           main] o.s.c.e.PropertySourcesPropertyResolver  : Searching for key 'logging.logback.rollingpolicy.file-name-pattern' in PropertySource 'systemEnvironment'
2024-01-13 22:39:12.306 TRACE 58992 --- [           main] o.s.c.e.PropertySourcesPropertyResolver  : Searching for key 'logging.logback.rollingpolicy.file-name-pattern' in PropertySource 'random'
2024-01-13 22:39:12.306 TRACE 58992 --- [           main] o.s.c.e.PropertySourcesPropertyResolver  : Searching for key 'logging.logback.rollingpolicy.file-name-pattern' in PropertySource 'Config resource 'class path resource [application.properties]' via location 'optional:classpath:/''
2024-01-13 22:39:12.306 TRACE 58992 --- [           main] o.s.c.e.PropertySourcesPropertyResolver  : Searching for key 'logging.logback.rollingpolicy.file-name-pattern' in PropertySource 'Config resource 'class path resource [application.yml]' via location 'optional:classpath:/''
2024-01-13 22:39:12.306 TRACE 58992 --- [           main] o.s.c.e.PropertySourcesPropertyResolver  : Could not find key 'logging.logback.rollingpolicy.file-name-pattern' in any property source
2024-01-13 22:39:12.306 TRACE 58992 --- [           main] o.s.c.e.PropertySourcesPropertyResolver  : Searching for key 'logging.pattern.rolling-file-name' in PropertySource 'configurationProperties'
2024-01-13 22:39:12.306 TRACE 58992 --- [           main] o.s.c.e.PropertySourcesPropertyResolver  : Searching for key 'logging.pattern.rolling-file-name' in PropertySource 'Inlined Test Properties'
2024-01-13 22:39:12.306 TRACE 58992 --- [           main] o.s.c.e.PropertySourcesPropertyResolver  : Searching for key 'logging.pattern.rolling-file-name' in PropertySource 'systemProperties'
2024-01-13 22:39:12.306 TRACE 58992 --- [           main] o.s.c.e.PropertySourcesPropertyResolver  : Searching for key 'logging.pattern.rolling-file-name' in PropertySource 'systemEnvironment'
2024-01-13 22:39:12.306 TRACE 58992 --- [           main] o.s.c.e.PropertySourcesPropertyResolver  : Searching for key 'logging.pattern.rolling-file-name' in PropertySource 'random'
2024-01-13 22:39:12.306 TRACE 58992 --- [           main] o.s.c.e.PropertySourcesPropertyResolver  : Searching for key 'logging.pattern.rolling-file-name' in PropertySource 'Config resource 'class path resource [application.properties]' via location 'optional:classpath:/''
2024-01-13 22:39:12.306 TRACE 58992 --- [           main] o.s.c.e.PropertySourcesPropertyResolver  : Searching for key 'logging.pattern.rolling-file-name' in PropertySource 'Config resource 'class path resource [application.yml]' via location 'optional:classpath:/''
2024-01-13 22:39:12.306 TRACE 58992 --- [           main] o.s.c.e.PropertySourcesPropertyResolver  : Could not find key 'logging.pattern.rolling-file-name' in any property source
2024-01-13 22:39:12.306 TRACE 58992 --- [           main] o.s.c.e.PropertySourcesPropertyResolver  : Searching for key 'logging.logback.rollingpolicy.clean-history-on-start' in PropertySource 'configurationProperties'
2024-01-13 22:39:12.306 TRACE 58992 --- [           main] o.s.c.e.PropertySourcesPropertyResolver  : Searching for key 'logging.logback.rollingpolicy.clean-history-on-start' in PropertySource 'Inlined Test Properties'
2024-01-13 22:39:12.306 TRACE 58992 --- [           main] o.s.c.e.PropertySourcesPropertyResolver  : Searching for key 'logging.logback.rollingpolicy.clean-history-on-start' in PropertySource 'systemProperties'
2024-01-13 22:39:12.306 TRACE 58992 --- [           main] o.s.c.e.PropertySourcesPropertyResolver  : Searching for key 'logging.logback.rollingpolicy.clean-history-on-start' in PropertySource 'systemEnvironment'
2024-01-13 22:39:12.306 TRACE 58992 --- [           main] o.s.c.e.PropertySourcesPropertyResolver  : Searching for key 'logging.logback.rollingpolicy.clean-history-on-start' in PropertySource 'random'
2024-01-13 22:39:12.306 TRACE 58992 --- [           main] o.s.c.e.PropertySourcesPropertyResolver  : Searching for key 'logging.logback.rollingpolicy.clean-history-on-start' in PropertySource 'Config resource 'class path resource [application.properties]' via location 'optional:classpath:/''
2024-01-13 22:39:12.306 TRACE 58992 --- [           main] o.s.c.e.PropertySourcesPropertyResolver  : Searching for key 'logging.logback.rollingpolicy.clean-history-on-start' in PropertySource 'Config resource 'class path resource [application.yml]' via location 'optional:classpath:/''
2024-01-13 22:39:12.306 TRACE 58992 --- [           main] o.s.c.e.PropertySourcesPropertyResolver  : Could not find key 'logging.logback.rollingpolicy.clean-history-on-start' in any property source
2024-01-13 22:39:12.306 TRACE 58992 --- [           main] o.s.c.e.PropertySourcesPropertyResolver  : Searching for key 'logging.file.clean-history-on-start' in PropertySource 'configurationProperties'
2024-01-13 22:39:12.306 TRACE 58992 --- [           main] o.s.c.e.PropertySourcesPropertyResolver  : Searching for key 'logging.file.clean-history-on-start' in PropertySource 'Inlined Test Properties'
2024-01-13 22:39:12.306 TRACE 58992 --- [           main] o.s.c.e.PropertySourcesPropertyResolver  : Searching for key 'logging.file.clean-history-on-start' in PropertySource 'systemProperties'
2024-01-13 22:39:12.306 TRACE 58992 --- [           main] o.s.c.e.PropertySourcesPropertyResolver  : Searching for key 'logging.file.clean-history-on-start' in PropertySource 'systemEnvironment'
2024-01-13 22:39:12.306 TRACE 58992 --- [           main] o.s.c.e.PropertySourcesPropertyResolver  : Searching for key 'logging.file.clean-history-on-start' in PropertySource 'random'
2024-01-13 22:39:12.306 TRACE 58992 --- [           main] o.s.c.e.PropertySourcesPropertyResolver  : Searching for key 'logging.file.clean-history-on-start' in PropertySource 'Config resource 'class path resource [application.properties]' via location 'optional:classpath:/''
2024-01-13 22:39:12.306 TRACE 58992 --- [           main] o.s.c.e.PropertySourcesPropertyResolver  : Searching for key 'logging.file.clean-history-on-start' in PropertySource 'Config resource 'class path resource [application.yml]' via location 'optional:classpath:/''
2024-01-13 22:39:12.306 TRACE 58992 --- [           main] o.s.c.e.PropertySourcesPropertyResolver  : Could not find key 'logging.file.clean-history-on-start' in any property source
2024-01-13 22:39:12.306 TRACE 58992 --- [           main] o.s.c.e.PropertySourcesPropertyResolver  : Searching for key 'logging.logback.rollingpolicy.max-file-size' in PropertySource 'configurationProperties'
2024-01-13 22:39:12.306 TRACE 58992 --- [           main] o.s.c.e.PropertySourcesPropertyResolver  : Searching for key 'logging.logback.rollingpolicy.max-file-size' in PropertySource 'Inlined Test Properties'
2024-01-13 22:39:12.306 TRACE 58992 --- [           main] o.s.c.e.PropertySourcesPropertyResolver  : Searching for key 'logging.logback.rollingpolicy.max-file-size' in PropertySource 'systemProperties'
2024-01-13 22:39:12.306 TRACE 58992 --- [           main] o.s.c.e.PropertySourcesPropertyResolver  : Searching for key 'logging.logback.rollingpolicy.max-file-size' in PropertySource 'systemEnvironment'
2024-01-13 22:39:12.306 TRACE 58992 --- [           main] o.s.c.e.PropertySourcesPropertyResolver  : Searching for key 'logging.logback.rollingpolicy.max-file-size' in PropertySource 'random'
2024-01-13 22:39:12.306 TRACE 58992 --- [           main] o.s.c.e.PropertySourcesPropertyResolver  : Searching for key 'logging.logback.rollingpolicy.max-file-size' in PropertySource 'Config resource 'class path resource [application.properties]' via location 'optional:classpath:/''
2024-01-13 22:39:12.306 TRACE 58992 --- [           main] o.s.c.e.PropertySourcesPropertyResolver  : Searching for key 'logging.logback.rollingpolicy.max-file-size' in PropertySource 'Config resource 'class path resource [application.yml]' via location 'optional:classpath:/''
2024-01-13 22:39:12.306 TRACE 58992 --- [           main] o.s.c.e.PropertySourcesPropertyResolver  : Could not find key 'logging.logback.rollingpolicy.max-file-size' in any property source
2024-01-13 22:39:12.306 TRACE 58992 --- [           main] o.s.c.e.PropertySourcesPropertyResolver  : Searching for key 'logging.file.max-size' in PropertySource 'configurationProperties'
2024-01-13 22:39:12.306 TRACE 58992 --- [           main] o.s.c.e.PropertySourcesPropertyResolver  : Searching for key 'logging.file.max-size' in PropertySource 'Inlined Test Properties'
2024-01-13 22:39:12.306 TRACE 58992 --- [           main] o.s.c.e.PropertySourcesPropertyResolver  : Searching for key 'logging.file.max-size' in PropertySource 'systemProperties'
2024-01-13 22:39:12.306 TRACE 58992 --- [           main] o.s.c.e.PropertySourcesPropertyResolver  : Searching for key 'logging.file.max-size' in PropertySource 'systemEnvironment'
2024-01-13 22:39:12.306 TRACE 58992 --- [           main] o.s.c.e.PropertySourcesPropertyResolver  : Searching for key 'logging.file.max-size' in PropertySource 'random'
2024-01-13 22:39:12.306 TRACE 58992 --- [           main] o.s.c.e.PropertySourcesPropertyResolver  : Searching for key 'logging.file.max-size' in PropertySource 'Config resource 'class path resource [application.properties]' via location 'optional:classpath:/''
2024-01-13 22:39:12.306 TRACE 58992 --- [           main] o.s.c.e.PropertySourcesPropertyResolver  : Searching for key 'logging.file.max-size' in PropertySource 'Config resource 'class path resource [application.yml]' via location 'optional:classpath:/''
2024-01-13 22:39:12.306 TRACE 58992 --- [           main] o.s.c.e.PropertySourcesPropertyResolver  : Could not find key 'logging.file.max-size' in any property source
2024-01-13 22:39:12.306 TRACE 58992 --- [           main] o.s.c.e.PropertySourcesPropertyResolver  : Searching for key 'logging.logback.rollingpolicy.total-size-cap' in PropertySource 'configurationProperties'
2024-01-13 22:39:12.306 TRACE 58992 --- [           main] o.s.c.e.PropertySourcesPropertyResolver  : Searching for key 'logging.logback.rollingpolicy.total-size-cap' in PropertySource 'Inlined Test Properties'
2024-01-13 22:39:12.306 TRACE 58992 --- [           main] o.s.c.e.PropertySourcesPropertyResolver  : Searching for key 'logging.logback.rollingpolicy.total-size-cap' in PropertySource 'systemProperties'
2024-01-13 22:39:12.306 TRACE 58992 --- [           main] o.s.c.e.PropertySourcesPropertyResolver  : Searching for key 'logging.logback.rollingpolicy.total-size-cap' in PropertySource 'systemEnvironment'
2024-01-13 22:39:12.306 TRACE 58992 --- [           main] o.s.c.e.PropertySourcesPropertyResolver  : Searching for key 'logging.logback.rollingpolicy.total-size-cap' in PropertySource 'random'
2024-01-13 22:39:12.306 TRACE 58992 --- [           main] o.s.c.e.PropertySourcesPropertyResolver  : Searching for key 'logging.logback.rollingpolicy.total-size-cap' in PropertySource 'Config resource 'class path resource [application.properties]' via location 'optional:classpath:/''
2024-01-13 22:39:12.306 TRACE 58992 --- [           main] o.s.c.e.PropertySourcesPropertyResolver  : Searching for key 'logging.logback.rollingpolicy.total-size-cap' in PropertySource 'Config resource 'class path resource [application.yml]' via location 'optional:classpath:/''
2024-01-13 22:39:12.306 TRACE 58992 --- [           main] o.s.c.e.PropertySourcesPropertyResolver  : Could not find key 'logging.logback.rollingpolicy.total-size-cap' in any property source
2024-01-13 22:39:12.306 TRACE 58992 --- [           main] o.s.c.e.PropertySourcesPropertyResolver  : Searching for key 'logging.file.total-size-cap' in PropertySource 'configurationProperties'
2024-01-13 22:39:12.306 TRACE 58992 --- [           main] o.s.c.e.PropertySourcesPropertyResolver  : Searching for key 'logging.file.total-size-cap' in PropertySource 'Inlined Test Properties'
2024-01-13 22:39:12.306 TRACE 58992 --- [           main] o.s.c.e.PropertySourcesPropertyResolver  : Searching for key 'logging.file.total-size-cap' in PropertySource 'systemProperties'
2024-01-13 22:39:12.306 TRACE 58992 --- [           main] o.s.c.e.PropertySourcesPropertyResolver  : Searching for key 'logging.file.total-size-cap' in PropertySource 'systemEnvironment'
2024-01-13 22:39:12.306 TRACE 58992 --- [           main] o.s.c.e.PropertySourcesPropertyResolver  : Searching for key 'logging.file.total-size-cap' in PropertySource 'random'
2024-01-13 22:39:12.306 TRACE 58992 --- [           main] o.s.c.e.PropertySourcesPropertyResolver  : Searching for key 'logging.file.total-size-cap' in PropertySource 'Config resource 'class path resource [application.properties]' via location 'optional:classpath:/''
2024-01-13 22:39:12.306 TRACE 58992 --- [           main] o.s.c.e.PropertySourcesPropertyResolver  : Searching for key 'logging.file.total-size-cap' in PropertySource 'Config resource 'class path resource [application.yml]' via location 'optional:classpath:/''
2024-01-13 22:39:12.306 TRACE 58992 --- [           main] o.s.c.e.PropertySourcesPropertyResolver  : Could not find key 'logging.file.total-size-cap' in any property source
2024-01-13 22:39:12.306 TRACE 58992 --- [           main] o.s.c.e.PropertySourcesPropertyResolver  : Searching for key 'logging.logback.rollingpolicy.max-history' in PropertySource 'configurationProperties'
2024-01-13 22:39:12.306 TRACE 58992 --- [           main] o.s.c.e.PropertySourcesPropertyResolver  : Searching for key 'logging.logback.rollingpolicy.max-history' in PropertySource 'Inlined Test Properties'
2024-01-13 22:39:12.306 TRACE 58992 --- [           main] o.s.c.e.PropertySourcesPropertyResolver  : Searching for key 'logging.logback.rollingpolicy.max-history' in PropertySource 'systemProperties'
2024-01-13 22:39:12.306 TRACE 58992 --- [           main] o.s.c.e.PropertySourcesPropertyResolver  : Searching for key 'logging.logback.rollingpolicy.max-history' in PropertySource 'systemEnvironment'
2024-01-13 22:39:12.306 TRACE 58992 --- [           main] o.s.c.e.PropertySourcesPropertyResolver  : Searching for key 'logging.logback.rollingpolicy.max-history' in PropertySource 'random'
2024-01-13 22:39:12.306 TRACE 58992 --- [           main] o.s.c.e.PropertySourcesPropertyResolver  : Searching for key 'logging.logback.rollingpolicy.max-history' in PropertySource 'Config resource 'class path resource [application.properties]' via location 'optional:classpath:/''
2024-01-13 22:39:12.306 TRACE 58992 --- [           main] o.s.c.e.PropertySourcesPropertyResolver  : Searching for key 'logging.logback.rollingpolicy.max-history' in PropertySource 'Config resource 'class path resource [application.yml]' via location 'optional:classpath:/''
2024-01-13 22:39:12.306 TRACE 58992 --- [           main] o.s.c.e.PropertySourcesPropertyResolver  : Could not find key 'logging.logback.rollingpolicy.max-history' in any property source
2024-01-13 22:39:12.306 TRACE 58992 --- [           main] o.s.c.e.PropertySourcesPropertyResolver  : Searching for key 'logging.file.max-history' in PropertySource 'configurationProperties'
2024-01-13 22:39:12.306 TRACE 58992 --- [           main] o.s.c.e.PropertySourcesPropertyResolver  : Searching for key 'logging.file.max-history' in PropertySource 'Inlined Test Properties'
2024-01-13 22:39:12.306 TRACE 58992 --- [           main] o.s.c.e.PropertySourcesPropertyResolver  : Searching for key 'logging.file.max-history' in PropertySource 'systemProperties'
2024-01-13 22:39:12.306 TRACE 58992 --- [           main] o.s.c.e.PropertySourcesPropertyResolver  : Searching for key 'logging.file.max-history' in PropertySource 'systemEnvironment'
2024-01-13 22:39:12.306 TRACE 58992 --- [           main] o.s.c.e.PropertySourcesPropertyResolver  : Searching for key 'logging.file.max-history' in PropertySource 'random'
2024-01-13 22:39:12.306 TRACE 58992 --- [           main] o.s.c.e.PropertySourcesPropertyResolver  : Searching for key 'logging.file.max-history' in PropertySource 'Config resource 'class path resource [application.properties]' via location 'optional:classpath:/''
2024-01-13 22:39:12.306 TRACE 58992 --- [           main] o.s.c.e.PropertySourcesPropertyResolver  : Searching for key 'logging.file.max-history' in PropertySource 'Config resource 'class path resource [application.yml]' via location 'optional:classpath:/''
2024-01-13 22:39:12.306 TRACE 58992 --- [           main] o.s.c.e.PropertySourcesPropertyResolver  : Could not find key 'logging.file.max-history' in any property source
2024-01-13 22:39:12.306 TRACE 58992 --- [           main] o.s.c.e.PropertySourcesPropertyResolver  : Searching for key 'logging.file.name' in PropertySource 'configurationProperties'
2024-01-13 22:39:12.306 TRACE 58992 --- [           main] o.s.c.e.PropertySourcesPropertyResolver  : Searching for key 'logging.file.name' in PropertySource 'Inlined Test Properties'
2024-01-13 22:39:12.306 TRACE 58992 --- [           main] o.s.c.e.PropertySourcesPropertyResolver  : Searching for key 'logging.file.name' in PropertySource 'systemProperties'
2024-01-13 22:39:12.306 TRACE 58992 --- [           main] o.s.c.e.PropertySourcesPropertyResolver  : Searching for key 'logging.file.name' in PropertySource 'systemEnvironment'
2024-01-13 22:39:12.306 TRACE 58992 --- [           main] o.s.c.e.PropertySourcesPropertyResolver  : Searching for key 'logging.file.name' in PropertySource 'random'
2024-01-13 22:39:12.306 TRACE 58992 --- [           main] o.s.c.e.PropertySourcesPropertyResolver  : Searching for key 'logging.file.name' in PropertySource 'Config resource 'class path resource [application.properties]' via location 'optional:classpath:/''
2024-01-13 22:39:12.306 TRACE 58992 --- [           main] o.s.c.e.PropertySourcesPropertyResolver  : Searching for key 'logging.file.name' in PropertySource 'Config resource 'class path resource [application.yml]' via location 'optional:classpath:/''
2024-01-13 22:39:12.306 TRACE 58992 --- [           main] o.s.c.e.PropertySourcesPropertyResolver  : Could not find key 'logging.file.name' in any property source
2024-01-13 22:39:12.306 TRACE 58992 --- [           main] o.s.c.e.PropertySourcesPropertyResolver  : Searching for key 'logging.file.path' in PropertySource 'configurationProperties'
2024-01-13 22:39:12.306 TRACE 58992 --- [           main] o.s.c.e.PropertySourcesPropertyResolver  : Searching for key 'logging.file.path' in PropertySource 'Inlined Test Properties'
2024-01-13 22:39:12.306 TRACE 58992 --- [           main] o.s.c.e.PropertySourcesPropertyResolver  : Searching for key 'logging.file.path' in PropertySource 'systemProperties'
2024-01-13 22:39:12.306 TRACE 58992 --- [           main] o.s.c.e.PropertySourcesPropertyResolver  : Searching for key 'logging.file.path' in PropertySource 'systemEnvironment'
2024-01-13 22:39:12.306 TRACE 58992 --- [           main] o.s.c.e.PropertySourcesPropertyResolver  : Searching for key 'logging.file.path' in PropertySource 'random'
2024-01-13 22:39:12.306 TRACE 58992 --- [           main] o.s.c.e.PropertySourcesPropertyResolver  : Searching for key 'logging.file.path' in PropertySource 'Config resource 'class path resource [application.properties]' via location 'optional:classpath:/''
2024-01-13 22:39:12.306 TRACE 58992 --- [           main] o.s.c.e.PropertySourcesPropertyResolver  : Searching for key 'logging.file.path' in PropertySource 'Config resource 'class path resource [application.yml]' via location 'optional:classpath:/''
2024-01-13 22:39:12.306 TRACE 58992 --- [           main] o.s.c.e.PropertySourcesPropertyResolver  : Could not find key 'logging.file.path' in any property source
2024-01-13 22:39:12.306 TRACE 58992 --- [           main] o.s.c.e.PropertySourcesPropertyResolver  : Searching for key 'debug' in PropertySource 'configurationProperties'
2024-01-13 22:39:12.306 TRACE 58992 --- [           main] o.s.c.e.PropertySourcesPropertyResolver  : Searching for key 'debug' in PropertySource 'Inlined Test Properties'
2024-01-13 22:39:12.306 TRACE 58992 --- [           main] o.s.c.e.PropertySourcesPropertyResolver  : Searching for key 'debug' in PropertySource 'systemProperties'
2024-01-13 22:39:12.306 TRACE 58992 --- [           main] o.s.c.e.PropertySourcesPropertyResolver  : Searching for key 'debug' in PropertySource 'systemEnvironment'
2024-01-13 22:39:12.306 TRACE 58992 --- [           main] o.s.c.e.PropertySourcesPropertyResolver  : Searching for key 'debug' in PropertySource 'random'
2024-01-13 22:39:12.306 TRACE 58992 --- [           main] o.s.c.e.PropertySourcesPropertyResolver  : Searching for key 'debug' in PropertySource 'Config resource 'class path resource [application.properties]' via location 'optional:classpath:/''
2024-01-13 22:39:12.306 TRACE 58992 --- [           main] o.s.c.e.PropertySourcesPropertyResolver  : Searching for key 'debug' in PropertySource 'Config resource 'class path resource [application.yml]' via location 'optional:classpath:/''
2024-01-13 22:39:12.306 TRACE 58992 --- [           main] o.s.c.e.PropertySourcesPropertyResolver  : Could not find key 'debug' in any property source
2024-01-13 22:39:12.306 TRACE 58992 --- [           main] o.s.c.e.PropertySourcesPropertyResolver  : Searching for key 'trace' in PropertySource 'configurationProperties'
[...]
	at org.junit.platform.engine.support.hierarchical.ThrowableCollector.execute(ThrowableCollector.java:73) ~[junit-platform-engine-1.7.2.jar:1.7.2]
	at org.junit.platform.engine.support.hierarchical.NodeTestTask.lambda$executeRecursively$7(NodeTestTask.java:129) ~[junit-platform-engine-1.7.2.jar:1.7.2]
	at org.junit.platform.engine.support.hierarchical.Node.around(Node.java:137) ~[junit-platform-engine-1.7.2.jar:1.7.2]
	at org.junit.platform.engine.support.hierarchical.NodeTestTask.lambda$executeRecursively$8(NodeTestTask.java:127) ~[junit-platform-engine-1.7.2.jar:1.7.2]
	at org.junit.platform.engine.support.hierarchical.ThrowableCollector.execute(ThrowableCollector.java:73) ~[junit-platform-engine-1.7.2.jar:1.7.2]
	at org.junit.platform.engine.support.hierarchical.NodeTestTask.executeRecursively(NodeTestTask.java:126) ~[junit-platform-engine-1.7.2.jar:1.7.2]
	at org.junit.platform.engine.support.hierarchical.NodeTestTask.execute(NodeTestTask.java:84) ~[junit-platform-engine-1.7.2.jar:1.7.2]
	at java.base/java.util.ArrayList.forEach(ArrayList.java:1511) ~[na:na]
	at org.junit.platform.engine.support.hierarchical.SameThreadHierarchicalTestExecutorService.invokeAll(SameThreadHierarchicalTestExecutorService.java:38) ~[junit-platform-engine-1.7.2.jar:1.7.2]
	at org.junit.platform.engine.support.hierarchical.NodeTestTask.lambda$executeRecursively$5(NodeTestTask.java:143) ~[junit-platform-engine-1.7.2.jar:1.7.2]
	at org.junit.platform.engine.support.hierarchical.ThrowableCollector.execute(ThrowableCollector.java:73) ~[junit-platform-engine-1.7.2.jar:1.7.2]
	at org.junit.platform.engine.support.hierarchical.NodeTestTask.lambda$executeRecursively$7(NodeTestTask.java:129) ~[junit-platform-engine-1.7.2.jar:1.7.2]
	at org.junit.platform.engine.support.hierarchical.Node.around(Node.java:137) ~[junit-platform-engine-1.7.2.jar:1.7.2]
	at org.junit.platform.engine.support.hierarchical.NodeTestTask.lambda$executeRecursively$8(NodeTestTask.java:127) ~[junit-platform-engine-1.7.2.jar:1.7.2]
	at org.junit.platform.engine.support.hierarchical.ThrowableCollector.execute(ThrowableCollector.java:73) ~[junit-platform-engine-1.7.2.jar:1.7.2]
	at org.junit.platform.engine.support.hierarchical.NodeTestTask.executeRecursively(NodeTestTask.java:126) ~[junit-platform-engine-1.7.2.jar:1.7.2]
	at org.junit.platform.engine.support.hierarchical.NodeTestTask.execute(NodeTestTask.java:84) ~[junit-platform-engine-1.7.2.jar:1.7.2]
	at org.junit.platform.engine.support.hierarchical.SameThreadHierarchicalTestExecutorService.submit(SameThreadHierarchicalTestExecutorService.java:32) ~[junit-platform-engine-1.7.2.jar:1.7.2]
	at org.junit.platform.engine.support.hierarchical.HierarchicalTestExecutor.execute(HierarchicalTestExecutor.java:57) ~[junit-platform-engine-1.7.2.jar:1.7.2]
	at org.junit.platform.engine.support.hierarchical.HierarchicalTestEngine.execute(HierarchicalTestEngine.java:51) ~[junit-platform-engine-1.7.2.jar:1.7.2]
	at org.junit.platform.launcher.core.DefaultLauncher.execute(DefaultLauncher.java:220) ~[junit-platform-launcher-1.3.1.jar:1.3.1]
	at org.junit.platform.launcher.core.DefaultLauncher.lambda$execute$6(DefaultLauncher.java:188) ~[junit-platform-launcher-1.3.1.jar:1.3.1]
	at org.junit.platform.launcher.core.DefaultLauncher.withInterceptedStreams(DefaultLauncher.java:202) ~[junit-platform-launcher-1.3.1.jar:1.3.1]
	at org.junit.platform.launcher.core.DefaultLauncher.execute(DefaultLauncher.java:181) ~[junit-platform-launcher-1.3.1.jar:1.3.1]
	at org.junit.platform.launcher.core.DefaultLauncher.execute(DefaultLauncher.java:128) ~[junit-platform-launcher-1.3.1.jar:1.3.1]
	at org.apache.maven.surefire.junitplatform.JUnitPlatformProvider.invokeAllTests(JUnitPlatformProvider.java:150) ~[surefire-junit-platform-2.22.2.jar:2.22.2]
	at org.apache.maven.surefire.junitplatform.JUnitPlatformProvider.invoke(JUnitPlatformProvider.java:124) ~[surefire-junit-platform-2.22.2.jar:2.22.2]
	at org.apache.maven.surefire.booter.ForkedBooter.invokeProviderInSameClassLoader(ForkedBooter.java:384) ~[surefire-booter-2.22.2.jar:2.22.2]
	at org.apache.maven.surefire.booter.ForkedBooter.runSuitesInProcess(ForkedBooter.java:345) ~[surefire-booter-2.22.2.jar:2.22.2]
	at org.apache.maven.surefire.booter.ForkedBooter.execute(ForkedBooter.java:126) ~[surefire-booter-2.22.2.jar:2.22.2]
	at org.apache.maven.surefire.booter.ForkedBooter.main(ForkedBooter.java:418) ~[surefire-booter-2.22.2.jar:2.22.2]

2024-01-13 22:39:12.482 ERROR 58992 --- [           main] o.s.b.d.LoggingFailureAnalysisReporter   : 

***************************
APPLICATION FAILED TO START
***************************

Description:

Parameter 0 of constructor in tacos.IngredientByIdConverter required a bean of type 'tacos.data.jdbc.IngredientDataRepository' that could not be found.


Action:

Consider defining a bean of type 'tacos.data.jdbc.IngredientDataRepository' in your configuration.

2024-01-13 22:39:12.483 ERROR 58992 --- [           main] o.s.test.context.TestContextManager      : Caught exception while allowing TestExecutionListener [org.springframework.boot.test.autoconfigure.SpringBootDependencyInjectionTestExecutionListener@625430f8] to prepare test instance [tacos.HomeControllerTest@23e0b938]

java.lang.IllegalStateException: Failed to load ApplicationContext
	at org.springframework.test.context.cache.DefaultCacheAwareContextLoaderDelegate.loadContext(DefaultCacheAwareContextLoaderDelegate.java:132) ~[spring-test-5.3.9.jar:5.3.9]
	at org.springframework.test.context.support.DefaultTestContext.getApplicationContext(DefaultTestContext.java:124) ~[spring-test-5.3.9.jar:5.3.9]
	at org.springframework.test.context.support.DependencyInjectionTestExecutionListener.injectDependencies(DependencyInjectionTestExecutionListener.java:118) ~[spring-test-5.3.9.jar:5.3.9]
	at org.springframework.test.context.support.DependencyInjectionTestExecutionListener.prepareTestInstance(DependencyInjectionTestExecutionListener.java:83) ~[spring-test-5.3.9.jar:5.3.9]
	at org.springframework.boot.test.autoconfigure.SpringBootDependencyInjectionTestExecutionListener.prepareTestInstance(SpringBootDependencyInjectionTestExecutionListener.java:43) ~[spring-boot-test-autoconfigure-2.5.3.jar:2.5.3]
	at org.springframework.test.context.TestContextManager.prepareTestInstance(TestContextManager.java:244) ~[spring-test-5.3.9.jar:5.3.9]
	at org.springframework.test.context.junit.jupiter.SpringExtension.postProcessTestInstance(SpringExtension.java:138) ~[spring-test-5.3.9.jar:5.3.9]
	at org.junit.jupiter.engine.descriptor.ClassBasedTestDescriptor.lambda$invokeTestInstancePostProcessors$6(ClassBasedTestDescriptor.java:350) ~[junit-jupiter-engine-5.7.2.jar:5.7.2]
	at org.junit.jupiter.engine.descriptor.ClassBasedTestDescriptor.executeAndMaskThrowable(ClassBasedTestDescriptor.java:355) ~[junit-jupiter-engine-5.7.2.jar:5.7.2]
	at org.junit.jupiter.engine.descriptor.ClassBasedTestDescriptor.lambda$invokeTestInstancePostProcessors$7(ClassBasedTestDescriptor.java:350) ~[junit-jupiter-engine-5.7.2.jar:5.7.2]
	at java.base/java.util.stream.ReferencePipeline$3$1.accept(ReferencePipeline.java:197) ~[na:na]
	at java.base/java.util.stream.ReferencePipeline$2$1.accept(ReferencePipeline.java:179) ~[na:na]
	at java.base/java.util.ArrayList$ArrayListSpliterator.forEachRemaining(ArrayList.java:1625) ~[na:na]
	at java.base/java.util.stream.AbstractPipeline.copyInto(AbstractPipeline.java:509) ~[na:na]
	at java.base/java.util.stream.AbstractPipeline.wrapAndCopyInto(AbstractPipeline.java:499) ~[na:na]
	at java.base/java.util.stream.StreamSpliterators$WrappingSpliterator.forEachRemaining(StreamSpliterators.java:310) ~[na:na]
	at java.base/java.util.stream.Streams$ConcatSpliterator.forEachRemaining(Streams.java:735) ~[na:na]
	at java.base/java.util.stream.Streams$ConcatSpliterator.forEachRemaining(Streams.java:734) ~[na:na]
	at java.base/java.util.stream.ReferencePipeline$Head.forEach(ReferencePipeline.java:762) ~[na:na]
	at org.junit.jupiter.engine.descriptor.ClassBasedTestDescriptor.invokeTestInstancePostProcessors(ClassBasedTestDescriptor.java:349) ~[junit-jupiter-engine-5.7.2.jar:5.7.2]
	at org.junit.jupiter.engine.descriptor.ClassBasedTestDescriptor.lambda$instantiateAndPostProcessTestInstance$4(ClassBasedTestDescriptor.java:270) ~[junit-jupiter-engine-5.7.2.jar:5.7.2]
	at org.junit.platform.engine.support.hierarchical.ThrowableCollector.execute(ThrowableCollector.java:73) ~[junit-platform-engine-1.7.2.jar:1.7.2]
	at org.junit.jupiter.engine.descriptor.ClassBasedTestDescriptor.instantiateAndPostProcessTestInstance(ClassBasedTestDescriptor.java:269) ~[junit-jupiter-engine-5.7.2.jar:5.7.2]
	at org.junit.jupiter.engine.descriptor.ClassBasedTestDescriptor.lambda$testInstancesProvider$2(ClassBasedTestDescriptor.java:259) ~[junit-jupiter-engine-5.7.2.jar:5.7.2]
	at java.base/java.util.Optional.orElseGet(Optional.java:364) ~[na:na]
	at org.junit.jupiter.engine.descriptor.ClassBasedTestDescriptor.lambda$testInstancesProvider$3(ClassBasedTestDescriptor.java:258) ~[junit-jupiter-engine-5.7.2.jar:5.7.2]
	at org.junit.jupiter.engine.execution.TestInstancesProvider.getTestInstances(TestInstancesProvider.java:31) ~[junit-jupiter-engine-5.7.2.jar:5.7.2]
	at org.junit.jupiter.engine.descriptor.TestMethodTestDescriptor.lambda$prepare$0(TestMethodTestDescriptor.java:101) ~[junit-jupiter-engine-5.7.2.jar:5.7.2]
	at org.junit.platform.engine.support.hierarchical.ThrowableCollector.execute(ThrowableCollector.java:73) ~[junit-platform-engine-1.7.2.jar:1.7.2]
	at org.junit.jupiter.engine.descriptor.TestMethodTestDescriptor.prepare(TestMethodTestDescriptor.java:100) ~[junit-jupiter-engine-5.7.2.jar:5.7.2]
	at org.junit.jupiter.engine.descriptor.TestMethodTestDescriptor.prepare(TestMethodTestDescriptor.java:65) ~[junit-jupiter-engine-5.7.2.jar:5.7.2]
	at org.junit.platform.engine.support.hierarchical.NodeTestTask.lambda$prepare$1(NodeTestTask.java:111) ~[junit-platform-engine-1.7.2.jar:1.7.2]
	at org.junit.platform.engine.support.hierarchical.ThrowableCollector.execute(ThrowableCollector.java:73) ~[junit-platform-engine-1.7.2.jar:1.7.2]
	at org.junit.platform.engine.support.hierarchical.NodeTestTask.prepare(NodeTestTask.java:111) ~[junit-platform-engine-1.7.2.jar:1.7.2]
	at org.junit.platform.engine.support.hierarchical.NodeTestTask.execute(NodeTestTask.java:79) ~[junit-platform-engine-1.7.2.jar:1.7.2]
	at java.base/java.util.ArrayList.forEach(ArrayList.java:1511) ~[na:na]
	at org.junit.platform.engine.support.hierarchical.SameThreadHierarchicalTestExecutorService.invokeAll(SameThreadHierarchicalTestExecutorService.java:38) ~[junit-platform-engine-1.7.2.jar:1.7.2]
	at org.junit.platform.engine.support.hierarchical.NodeTestTask.lambda$executeRecursively$5(NodeTestTask.java:143) ~[junit-platform-engine-1.7.2.jar:1.7.2]
	at org.junit.platform.engine.support.hierarchical.ThrowableCollector.execute(ThrowableCollector.java:73) ~[junit-platform-engine-1.7.2.jar:1.7.2]
	at org.junit.platform.engine.support.hierarchical.NodeTestTask.lambda$executeRecursively$7(NodeTestTask.java:129) ~[junit-platform-engine-1.7.2.jar:1.7.2]
	at org.junit.platform.engine.support.hierarchical.Node.around(Node.java:137) ~[junit-platform-engine-1.7.2.jar:1.7.2]
	at org.junit.platform.engine.support.hierarchical.NodeTestTask.lambda$executeRecursively$8(NodeTestTask.java:127) ~[junit-platform-engine-1.7.2.jar:1.7.2]
	at org.junit.platform.engine.support.hierarchical.ThrowableCollector.execute(ThrowableCollector.java:73) ~[junit-platform-engine-1.7.2.jar:1.7.2]
	at org.junit.platform.engine.support.hierarchical.NodeTestTask.executeRecursively(NodeTestTask.java:126) ~[junit-platform-engine-1.7.2.jar:1.7.2]
	at org.junit.platform.engine.support.hierarchical.NodeTestTask.execute(NodeTestTask.java:84) ~[junit-platform-engine-1.7.2.jar:1.7.2]
	at java.base/java.util.ArrayList.forEach(ArrayList.java:1511) ~[na:na]
	at org.junit.platform.engine.support.hierarchical.SameThreadHierarchicalTestExecutorService.invokeAll(SameThreadHierarchicalTestExecutorService.java:38) ~[junit-platform-engine-1.7.2.jar:1.7.2]
	at org.junit.platform.engine.support.hierarchical.NodeTestTask.lambda$executeRecursively$5(NodeTestTask.java:143) ~[junit-platform-engine-1.7.2.jar:1.7.2]
	at org.junit.platform.engine.support.hierarchical.ThrowableCollector.execute(ThrowableCollector.java:73) ~[junit-platform-engine-1.7.2.jar:1.7.2]
	at org.junit.platform.engine.support.hierarchical.NodeTestTask.lambda$executeRecursively$7(NodeTestTask.java:129) ~[junit-platform-engine-1.7.2.jar:1.7.2]
	at org.junit.platform.engine.support.hierarchical.Node.around(Node.java:137) ~[junit-platform-engine-1.7.2.jar:1.7.2]
	at org.junit.platform.engine.support.hierarchical.NodeTestTask.lambda$executeRecursively$8(NodeTestTask.java:127) ~[junit-platform-engine-1.7.2.jar:1.7.2]
	at org.junit.platform.engine.support.hierarchical.ThrowableCollector.execute(ThrowableCollector.java:73) ~[junit-platform-engine-1.7.2.jar:1.7.2]
	at org.junit.platform.engine.support.hierarchical.NodeTestTask.executeRecursively(NodeTestTask.java:126) ~[junit-platform-engine-1.7.2.jar:1.7.2]
	at org.junit.platform.engine.support.hierarchical.NodeTestTask.execute(NodeTestTask.java:84) ~[junit-platform-engine-1.7.2.jar:1.7.2]
	at org.junit.platform.engine.support.hierarchical.SameThreadHierarchicalTestExecutorService.submit(SameThreadHierarchicalTestExecutorService.java:32) ~[junit-platform-engine-1.7.2.jar:1.7.2]
	at org.junit.platform.engine.support.hierarchical.HierarchicalTestExecutor.execute(HierarchicalTestExecutor.java:57) ~[junit-platform-engine-1.7.2.jar:1.7.2]
	at org.junit.platform.engine.support.hierarchical.HierarchicalTestEngine.execute(HierarchicalTestEngine.java:51) ~[junit-platform-engine-1.7.2.jar:1.7.2]
	at org.junit.platform.launcher.core.DefaultLauncher.execute(DefaultLauncher.java:220) ~[junit-platform-launcher-1.3.1.jar:1.3.1]
	at org.junit.platform.launcher.core.DefaultLauncher.lambda$execute$6(DefaultLauncher.java:188) ~[junit-platform-launcher-1.3.1.jar:1.3.1]
	at org.junit.platform.launcher.core.DefaultLauncher.withInterceptedStreams(DefaultLauncher.java:202) ~[junit-platform-launcher-1.3.1.jar:1.3.1]
	at org.junit.platform.launcher.core.DefaultLauncher.execute(DefaultLauncher.java:181) ~[junit-platform-launcher-1.3.1.jar:1.3.1]
	at org.junit.platform.launcher.core.DefaultLauncher.execute(DefaultLauncher.java:128) ~[junit-platform-launcher-1.3.1.jar:1.3.1]
	at org.apache.maven.surefire.junitplatform.JUnitPlatformProvider.invokeAllTests(JUnitPlatformProvider.java:150) ~[surefire-junit-platform-2.22.2.jar:2.22.2]
	at org.apache.maven.surefire.junitplatform.JUnitPlatformProvider.invoke(JUnitPlatformProvider.java:124) ~[surefire-junit-platform-2.22.2.jar:2.22.2]
	at org.apache.maven.surefire.booter.ForkedBooter.invokeProviderInSameClassLoader(ForkedBooter.java:384) ~[surefire-booter-2.22.2.jar:2.22.2]
	at org.apache.maven.surefire.booter.ForkedBooter.runSuitesInProcess(ForkedBooter.java:345) ~[surefire-booter-2.22.2.jar:2.22.2]
	at org.apache.maven.surefire.booter.ForkedBooter.execute(ForkedBooter.java:126) ~[surefire-booter-2.22.2.jar:2.22.2]
	at org.apache.maven.surefire.booter.ForkedBooter.main(ForkedBooter.java:418) ~[surefire-booter-2.22.2.jar:2.22.2]
Caused by: org.springframework.beans.factory.UnsatisfiedDependencyException: Error creating bean with name 'ingredientByIdConverter' defined in file [/Users/aselaillayapparachchi/IdeaProjects/learn-spring-in-action/taco-cloud-data-rest-jpa/target/classes/tacos/IngredientByIdConverter.class]: Unsatisfied dependency expressed through constructor parameter 0; nested exception is org.springframework.beans.factory.NoSuchBeanDefinitionException: No qualifying bean of type 'tacos.data.jdbc.IngredientDataRepository' available: expected at least 1 bean which qualifies as autowire candidate. Dependency annotations: {}
	at org.springframework.beans.factory.support.ConstructorResolver.createArgumentArray(ConstructorResolver.java:800) ~[spring-beans-5.3.9.jar:5.3.9]
	at org.springframework.beans.factory.support.ConstructorResolver.autowireConstructor(ConstructorResolver.java:229) ~[spring-beans-5.3.9.jar:5.3.9]
	at org.springframework.beans.factory.support.AbstractAutowireCapableBeanFactory.autowireConstructor(AbstractAutowireCapableBeanFactory.java:1354) ~[spring-beans-5.3.9.jar:5.3.9]
	at org.springframework.beans.factory.support.AbstractAutowireCapableBeanFactory.createBeanInstance(AbstractAutowireCapableBeanFactory.java:1204) ~[spring-beans-5.3.9.jar:5.3.9]
	at org.springframework.beans.factory.support.AbstractAutowireCapableBeanFactory.doCreateBean(AbstractAutowireCapableBeanFactory.java:564) ~[spring-beans-5.3.9.jar:5.3.9]
	at org.springframework.beans.factory.support.AbstractAutowireCapableBeanFactory.createBean(AbstractAutowireCapableBeanFactory.java:524) ~[spring-beans-5.3.9.jar:5.3.9]
	at org.springframework.beans.factory.support.AbstractBeanFactory.lambda$doGetBean$0(AbstractBeanFactory.java:335) ~[spring-beans-5.3.9.jar:5.3.9]
	at org.springframework.beans.factory.support.DefaultSingletonBeanRegistry.getSingleton(DefaultSingletonBeanRegistry.java:234) ~[spring-beans-5.3.9.jar:5.3.9]
	at org.springframework.beans.factory.support.AbstractBeanFactory.doGetBean(AbstractBeanFactory.java:333) ~[spring-beans-5.3.9.jar:5.3.9]
	at org.springframework.beans.factory.support.AbstractBeanFactory.getBean(AbstractBeanFactory.java:208) ~[spring-beans-5.3.9.jar:5.3.9]
	at org.springframework.beans.factory.support.DefaultListableBeanFactory.preInstantiateSingletons(DefaultListableBeanFactory.java:944) ~[spring-beans-5.3.9.jar:5.3.9]
	at org.springframework.context.support.AbstractApplicationContext.finishBeanFactoryInitialization(AbstractApplicationContext.java:918) ~[spring-context-5.3.9.jar:5.3.9]
	at org.springframework.context.support.AbstractApplicationContext.refresh(AbstractApplicationContext.java:583) ~[spring-context-5.3.9.jar:5.3.9]
	at org.springframework.boot.SpringApplication.refresh(SpringApplication.java:754) ~[spring-boot-2.5.3.jar:2.5.3]
	at org.springframework.boot.SpringApplication.refreshContext(SpringApplication.java:434) ~[spring-boot-2.5.3.jar:2.5.3]
	at org.springframework.boot.SpringApplication.run(SpringApplication.java:338) ~[spring-boot-2.5.3.jar:2.5.3]
	at org.springframework.boot.test.context.SpringBootContextLoader.loadContext(SpringBootContextLoader.java:123) ~[spring-boot-test-2.5.3.jar:2.5.3]
	at org.springframework.test.context.cache.DefaultCacheAwareContextLoaderDelegate.loadContextInternal(DefaultCacheAwareContextLoaderDelegate.java:99) ~[spring-test-5.3.9.jar:5.3.9]
	at org.springframework.test.context.cache.DefaultCacheAwareContextLoaderDelegate.loadContext(DefaultCacheAwareContextLoaderDelegate.java:124) ~[spring-test-5.3.9.jar:5.3.9]
	... 68 common frames omitted
Caused by: org.springframework.beans.factory.NoSuchBeanDefinitionException: No qualifying bean of type 'tacos.data.jdbc.IngredientDataRepository' available: expected at least 1 bean which qualifies as autowire candidate. Dependency annotations: {}
	at org.springframework.beans.factory.support.DefaultListableBeanFactory.raiseNoMatchingBeanFound(DefaultListableBeanFactory.java:1790) ~[spring-beans-5.3.9.jar:5.3.9]
	at org.springframework.beans.factory.support.DefaultListableBeanFactory.doResolveDependency(DefaultListableBeanFactory.java:1346) ~[spring-beans-5.3.9.jar:5.3.9]
	at org.springframework.beans.factory.support.DefaultListableBeanFactory.resolveDependency(DefaultListableBeanFactory.java:1300) ~[spring-beans-5.3.9.jar:5.3.9]
	at org.springframework.beans.factory.support.ConstructorResolver.resolveAutowiredArgument(ConstructorResolver.java:887) ~[spring-beans-5.3.9.jar:5.3.9]
	at org.springframework.beans.factory.support.ConstructorResolver.createArgumentArray(ConstructorResolver.java:791) ~[spring-beans-5.3.9.jar:5.3.9]
	... 86 common frames omitted

]]></system-out>
  </testcase>
</testsuite>